ERROR - 2022-03-21 00:00:04 --> Erreur de syntaxe près de 'WHERE id_portfolio_item =' à la ligne 1
CRITICAL - 2022-03-21 00:00:04 --> Erreur de syntaxe près de 'WHERE id_portfolio_item =' à la ligne 1
#0 C:\wamp64\www\lab2\021_nicolas_olagnon_v6.2\system\Database\MySQLi\Connection.php(292): mysqli->query('UPDATE portfoli...', 0)
#1 C:\wamp64\www\lab2\021_nicolas_olagnon_v6.2\system\Database\BaseConnection.php(670): CodeIgniter\Database\MySQLi\Connection->execute('UPDATE portfoli...')
#2 C:\wamp64\www\lab2\021_nicolas_olagnon_v6.2\system\Database\BaseConnection.php(598): CodeIgniter\Database\BaseConnection->simpleQuery('UPDATE portfoli...')
#3 C:\wamp64\www\lab2\021_nicolas_olagnon_v6.2\app\Models\PortfolioItemsModel.php(236): CodeIgniter\Database\BaseConnection->query('UPDATE portfoli...')
#4 C:\wamp64\www\lab2\021_nicolas_olagnon_v6.2\app\Controllers\Admin\AdminPortfolioController.php(46): App\Models\PortfolioItemsModel->updatePositionItem(NULL, NULL)
#5 C:\wamp64\www\lab2\021_nicolas_olagnon_v6.2\system\CodeIgniter.php(832): App\Controllers\Admin\AdminPortfolioController->index()
#6 C:\wamp64\www\lab2\021_nicolas_olagnon_v6.2\system\CodeIgniter.php(419): CodeIgniter\CodeIgniter->runController(Object(App\Controllers\Admin\AdminPortfolioController))
#7 C:\wamp64\www\lab2\021_nicolas_olagnon_v6.2\system\CodeIgniter.php(326): CodeIgniter\CodeIgniter->handleRequest(NULL, Object(Config\Cache), false)
#8 C:\wamp64\www\lab2\021_nicolas_olagnon_v6.2\public\index.php(37): CodeIgniter\CodeIgniter->run()
#9 {main}
ERROR - 2022-03-21 00:07:12 --> Erreur de syntaxe près de 'WHERE id_portfolio_item =' à la ligne 1
CRITICAL - 2022-03-21 00:07:12 --> Erreur de syntaxe près de 'WHERE id_portfolio_item =' à la ligne 1
#0 C:\wamp64\www\lab2\021_nicolas_olagnon_v6.2\system\Database\MySQLi\Connection.php(292): mysqli->query('UPDATE portfoli...', 0)
#1 C:\wamp64\www\lab2\021_nicolas_olagnon_v6.2\system\Database\BaseConnection.php(670): CodeIgniter\Database\MySQLi\Connection->execute('UPDATE portfoli...')
#2 C:\wamp64\www\lab2\021_nicolas_olagnon_v6.2\system\Database\BaseConnection.php(598): CodeIgniter\Database\BaseConnection->simpleQuery('UPDATE portfoli...')
#3 C:\wamp64\www\lab2\021_nicolas_olagnon_v6.2\app\Models\PortfolioItemsModel.php(236): CodeIgniter\Database\BaseConnection->query('UPDATE portfoli...')
#4 C:\wamp64\www\lab2\021_nicolas_olagnon_v6.2\app\Controllers\Admin\AdminPortfolioController.php(46): App\Models\PortfolioItemsModel->updatePositionItem(NULL, NULL)
#5 C:\wamp64\www\lab2\021_nicolas_olagnon_v6.2\system\CodeIgniter.php(832): App\Controllers\Admin\AdminPortfolioController->index()
#6 C:\wamp64\www\lab2\021_nicolas_olagnon_v6.2\system\CodeIgniter.php(419): CodeIgniter\CodeIgniter->runController(Object(App\Controllers\Admin\AdminPortfolioController))
#7 C:\wamp64\www\lab2\021_nicolas_olagnon_v6.2\system\CodeIgniter.php(326): CodeIgniter\CodeIgniter->handleRequest(NULL, Object(Config\Cache), false)
#8 C:\wamp64\www\lab2\021_nicolas_olagnon_v6.2\public\index.php(37): CodeIgniter\CodeIgniter->run()
#9 {main}
ERROR - 2022-03-21 00:07:57 --> Erreur de syntaxe près de 'WHERE id_portfolio_item =' à la ligne 1
CRITICAL - 2022-03-21 00:07:57 --> Erreur de syntaxe près de 'WHERE id_portfolio_item =' à la ligne 1
#0 C:\wamp64\www\lab2\021_nicolas_olagnon_v6.2\system\Database\MySQLi\Connection.php(292): mysqli->query('UPDATE portfoli...', 0)
#1 C:\wamp64\www\lab2\021_nicolas_olagnon_v6.2\system\Database\BaseConnection.php(670): CodeIgniter\Database\MySQLi\Connection->execute('UPDATE portfoli...')
#2 C:\wamp64\www\lab2\021_nicolas_olagnon_v6.2\system\Database\BaseConnection.php(598): CodeIgniter\Database\BaseConnection->simpleQuery('UPDATE portfoli...')
#3 C:\wamp64\www\lab2\021_nicolas_olagnon_v6.2\app\Models\PortfolioItemsModel.php(236): CodeIgniter\Database\BaseConnection->query('UPDATE portfoli...')
#4 C:\wamp64\www\lab2\021_nicolas_olagnon_v6.2\app\Controllers\Admin\AdminPortfolioController.php(46): App\Models\PortfolioItemsModel->updatePositionItem(NULL, NULL)
#5 C:\wamp64\www\lab2\021_nicolas_olagnon_v6.2\system\CodeIgniter.php(832): App\Controllers\Admin\AdminPortfolioController->index()
#6 C:\wamp64\www\lab2\021_nicolas_olagnon_v6.2\system\CodeIgniter.php(419): CodeIgniter\CodeIgniter->runController(Object(App\Controllers\Admin\AdminPortfolioController))
#7 C:\wamp64\www\lab2\021_nicolas_olagnon_v6.2\system\CodeIgniter.php(326): CodeIgniter\CodeIgniter->handleRequest(NULL, Object(Config\Cache), false)
#8 C:\wamp64\www\lab2\021_nicolas_olagnon_v6.2\public\index.php(37): CodeIgniter\CodeIgniter->run()
#9 {main}
ERROR - 2022-03-21 00:09:54 --> Erreur de syntaxe près de 'WHERE id_portfolio_item =' à la ligne 1
CRITICAL - 2022-03-21 00:09:54 --> Erreur de syntaxe près de 'WHERE id_portfolio_item =' à la ligne 1
#0 C:\wamp64\www\lab2\021_nicolas_olagnon_v6.2\system\Database\MySQLi\Connection.php(292): mysqli->query('UPDATE portfoli...', 0)
#1 C:\wamp64\www\lab2\021_nicolas_olagnon_v6.2\system\Database\BaseConnection.php(670): CodeIgniter\Database\MySQLi\Connection->execute('UPDATE portfoli...')
#2 C:\wamp64\www\lab2\021_nicolas_olagnon_v6.2\system\Database\BaseConnection.php(598): CodeIgniter\Database\BaseConnection->simpleQuery('UPDATE portfoli...')
#3 C:\wamp64\www\lab2\021_nicolas_olagnon_v6.2\app\Models\PortfolioItemsModel.php(236): CodeIgniter\Database\BaseConnection->query('UPDATE portfoli...')
#4 C:\wamp64\www\lab2\021_nicolas_olagnon_v6.2\app\Controllers\Admin\AdminPortfolioController.php(46): App\Models\PortfolioItemsModel->updatePositionItem(NULL, NULL)
#5 C:\wamp64\www\lab2\021_nicolas_olagnon_v6.2\system\CodeIgniter.php(832): App\Controllers\Admin\AdminPortfolioController->index()
#6 C:\wamp64\www\lab2\021_nicolas_olagnon_v6.2\system\CodeIgniter.php(419): CodeIgniter\CodeIgniter->runController(Object(App\Controllers\Admin\AdminPortfolioController))
#7 C:\wamp64\www\lab2\021_nicolas_olagnon_v6.2\system\CodeIgniter.php(326): CodeIgniter\CodeIgniter->handleRequest(NULL, Object(Config\Cache), false)
#8 C:\wamp64\www\lab2\021_nicolas_olagnon_v6.2\public\index.php(37): CodeIgniter\CodeIgniter->run()
#9 {main}
ERROR - 2022-03-21 00:18:35 --> Erreur de syntaxe près de 'WHERE id_portfolio_item =' à la ligne 1
CRITICAL - 2022-03-21 00:18:35 --> Erreur de syntaxe près de 'WHERE id_portfolio_item =' à la ligne 1
#0 C:\wamp64\www\lab2\021_nicolas_olagnon_v6.2\system\Database\MySQLi\Connection.php(292): mysqli->query('UPDATE portfoli...', 0)
#1 C:\wamp64\www\lab2\021_nicolas_olagnon_v6.2\system\Database\BaseConnection.php(670): CodeIgniter\Database\MySQLi\Connection->execute('UPDATE portfoli...')
#2 C:\wamp64\www\lab2\021_nicolas_olagnon_v6.2\system\Database\BaseConnection.php(598): CodeIgniter\Database\BaseConnection->simpleQuery('UPDATE portfoli...')
#3 C:\wamp64\www\lab2\021_nicolas_olagnon_v6.2\app\Models\PortfolioItemsModel.php(236): CodeIgniter\Database\BaseConnection->query('UPDATE portfoli...')
#4 C:\wamp64\www\lab2\021_nicolas_olagnon_v6.2\app\Controllers\Admin\AdminPortfolioController.php(46): App\Models\PortfolioItemsModel->updatePositionItem(NULL, NULL)
#5 C:\wamp64\www\lab2\021_nicolas_olagnon_v6.2\system\CodeIgniter.php(832): App\Controllers\Admin\AdminPortfolioController->index()
#6 C:\wamp64\www\lab2\021_nicolas_olagnon_v6.2\system\CodeIgniter.php(419): CodeIgniter\CodeIgniter->runController(Object(App\Controllers\Admin\AdminPortfolioController))
#7 C:\wamp64\www\lab2\021_nicolas_olagnon_v6.2\system\CodeIgniter.php(326): CodeIgniter\CodeIgniter->handleRequest(NULL, Object(Config\Cache), false)
#8 C:\wamp64\www\lab2\021_nicolas_olagnon_v6.2\public\index.php(37): CodeIgniter\CodeIgniter->run()
#9 {main}
ERROR - 2022-03-21 00:22:19 --> Erreur de syntaxe près de 'WHERE id_portfolio_item =' à la ligne 1
CRITICAL - 2022-03-21 00:22:19 --> Erreur de syntaxe près de 'WHERE id_portfolio_item =' à la ligne 1
#0 C:\wamp64\www\lab2\021_nicolas_olagnon_v6.2\system\Database\MySQLi\Connection.php(292): mysqli->query('UPDATE portfoli...', 0)
#1 C:\wamp64\www\lab2\021_nicolas_olagnon_v6.2\system\Database\BaseConnection.php(670): CodeIgniter\Database\MySQLi\Connection->execute('UPDATE portfoli...')
#2 C:\wamp64\www\lab2\021_nicolas_olagnon_v6.2\system\Database\BaseConnection.php(598): CodeIgniter\Database\BaseConnection->simpleQuery('UPDATE portfoli...')
#3 C:\wamp64\www\lab2\021_nicolas_olagnon_v6.2\app\Models\PortfolioItemsModel.php(236): CodeIgniter\Database\BaseConnection->query('UPDATE portfoli...')
#4 C:\wamp64\www\lab2\021_nicolas_olagnon_v6.2\app\Controllers\Admin\AdminPortfolioController.php(46): App\Models\PortfolioItemsModel->updatePositionItem(NULL, NULL)
#5 C:\wamp64\www\lab2\021_nicolas_olagnon_v6.2\system\CodeIgniter.php(832): App\Controllers\Admin\AdminPortfolioController->index()
#6 C:\wamp64\www\lab2\021_nicolas_olagnon_v6.2\system\CodeIgniter.php(419): CodeIgniter\CodeIgniter->runController(Object(App\Controllers\Admin\AdminPortfolioController))
#7 C:\wamp64\www\lab2\021_nicolas_olagnon_v6.2\system\CodeIgniter.php(326): CodeIgniter\CodeIgniter->handleRequest(NULL, Object(Config\Cache), false)
#8 C:\wamp64\www\lab2\021_nicolas_olagnon_v6.2\public\index.php(37): CodeIgniter\CodeIgniter->run()
#9 {main}
ERROR - 2022-03-21 00:23:28 --> Erreur de syntaxe près de 'WHERE id_portfolio_item =' à la ligne 1
CRITICAL - 2022-03-21 00:23:28 --> Erreur de syntaxe près de 'WHERE id_portfolio_item =' à la ligne 1
#0 C:\wamp64\www\lab2\021_nicolas_olagnon_v6.2\system\Database\MySQLi\Connection.php(292): mysqli->query('UPDATE portfoli...', 0)
#1 C:\wamp64\www\lab2\021_nicolas_olagnon_v6.2\system\Database\BaseConnection.php(670): CodeIgniter\Database\MySQLi\Connection->execute('UPDATE portfoli...')
#2 C:\wamp64\www\lab2\021_nicolas_olagnon_v6.2\system\Database\BaseConnection.php(598): CodeIgniter\Database\BaseConnection->simpleQuery('UPDATE portfoli...')
#3 C:\wamp64\www\lab2\021_nicolas_olagnon_v6.2\app\Models\PortfolioItemsModel.php(236): CodeIgniter\Database\BaseConnection->query('UPDATE portfoli...')
#4 C:\wamp64\www\lab2\021_nicolas_olagnon_v6.2\app\Controllers\Admin\AdminPortfolioController.php(46): App\Models\PortfolioItemsModel->updatePositionItem(NULL, NULL)
#5 C:\wamp64\www\lab2\021_nicolas_olagnon_v6.2\system\CodeIgniter.php(832): App\Controllers\Admin\AdminPortfolioController->index()
#6 C:\wamp64\www\lab2\021_nicolas_olagnon_v6.2\system\CodeIgniter.php(419): CodeIgniter\CodeIgniter->runController(Object(App\Controllers\Admin\AdminPortfolioController))
#7 C:\wamp64\www\lab2\021_nicolas_olagnon_v6.2\system\CodeIgniter.php(326): CodeIgniter\CodeIgniter->handleRequest(NULL, Object(Config\Cache), false)
#8 C:\wamp64\www\lab2\021_nicolas_olagnon_v6.2\public\index.php(37): CodeIgniter\CodeIgniter->run()
#9 {main}
ERROR - 2022-03-21 00:25:27 --> Erreur de syntaxe près de 'WHERE id_portfolio_item =' à la ligne 1
CRITICAL - 2022-03-21 00:25:27 --> Erreur de syntaxe près de 'WHERE id_portfolio_item =' à la ligne 1
#0 C:\wamp64\www\lab2\021_nicolas_olagnon_v6.2\system\Database\MySQLi\Connection.php(292): mysqli->query('UPDATE portfoli...', 0)
#1 C:\wamp64\www\lab2\021_nicolas_olagnon_v6.2\system\Database\BaseConnection.php(670): CodeIgniter\Database\MySQLi\Connection->execute('UPDATE portfoli...')
#2 C:\wamp64\www\lab2\021_nicolas_olagnon_v6.2\system\Database\BaseConnection.php(598): CodeIgniter\Database\BaseConnection->simpleQuery('UPDATE portfoli...')
#3 C:\wamp64\www\lab2\021_nicolas_olagnon_v6.2\app\Models\PortfolioItemsModel.php(236): CodeIgniter\Database\BaseConnection->query('UPDATE portfoli...')
#4 C:\wamp64\www\lab2\021_nicolas_olagnon_v6.2\app\Controllers\Admin\AdminPortfolioController.php(47): App\Models\PortfolioItemsModel->updatePositionItem(NULL, NULL)
#5 C:\wamp64\www\lab2\021_nicolas_olagnon_v6.2\system\CodeIgniter.php(832): App\Controllers\Admin\AdminPortfolioController->index()
#6 C:\wamp64\www\lab2\021_nicolas_olagnon_v6.2\system\CodeIgniter.php(419): CodeIgniter\CodeIgniter->runController(Object(App\Controllers\Admin\AdminPortfolioController))
#7 C:\wamp64\www\lab2\021_nicolas_olagnon_v6.2\system\CodeIgniter.php(326): CodeIgniter\CodeIgniter->handleRequest(NULL, Object(Config\Cache), false)
#8 C:\wamp64\www\lab2\021_nicolas_olagnon_v6.2\public\index.php(37): CodeIgniter\CodeIgniter->run()
#9 {main}
ERROR - 2022-03-21 00:27:08 --> Erreur de syntaxe près de 'WHERE id_portfolio_item =' à la ligne 1
CRITICAL - 2022-03-21 00:27:08 --> Erreur de syntaxe près de 'WHERE id_portfolio_item =' à la ligne 1
#0 C:\wamp64\www\lab2\021_nicolas_olagnon_v6.2\system\Database\MySQLi\Connection.php(292): mysqli->query('UPDATE portfoli...', 0)
#1 C:\wamp64\www\lab2\021_nicolas_olagnon_v6.2\system\Database\BaseConnection.php(670): CodeIgniter\Database\MySQLi\Connection->execute('UPDATE portfoli...')
#2 C:\wamp64\www\lab2\021_nicolas_olagnon_v6.2\system\Database\BaseConnection.php(598): CodeIgniter\Database\BaseConnection->simpleQuery('UPDATE portfoli...')
#3 C:\wamp64\www\lab2\021_nicolas_olagnon_v6.2\app\Models\PortfolioItemsModel.php(236): CodeIgniter\Database\BaseConnection->query('UPDATE portfoli...')
#4 C:\wamp64\www\lab2\021_nicolas_olagnon_v6.2\app\Controllers\Admin\AdminPortfolioController.php(47): App\Models\PortfolioItemsModel->updatePositionItem(NULL, NULL)
#5 C:\wamp64\www\lab2\021_nicolas_olagnon_v6.2\system\CodeIgniter.php(832): App\Controllers\Admin\AdminPortfolioController->index()
#6 C:\wamp64\www\lab2\021_nicolas_olagnon_v6.2\system\CodeIgniter.php(419): CodeIgniter\CodeIgniter->runController(Object(App\Controllers\Admin\AdminPortfolioController))
#7 C:\wamp64\www\lab2\021_nicolas_olagnon_v6.2\system\CodeIgniter.php(326): CodeIgniter\CodeIgniter->handleRequest(NULL, Object(Config\Cache), false)
#8 C:\wamp64\www\lab2\021_nicolas_olagnon_v6.2\public\index.php(37): CodeIgniter\CodeIgniter->run()
#9 {main}
ERROR - 2022-03-21 00:34:24 --> Erreur de syntaxe près de 'WHERE id_portfolio_item =' à la ligne 1
CRITICAL - 2022-03-21 00:34:24 --> Erreur de syntaxe près de 'WHERE id_portfolio_item =' à la ligne 1
#0 C:\wamp64\www\lab2\021_nicolas_olagnon_v6.2\system\Database\MySQLi\Connection.php(292): mysqli->query('UPDATE portfoli...', 0)
#1 C:\wamp64\www\lab2\021_nicolas_olagnon_v6.2\system\Database\BaseConnection.php(670): CodeIgniter\Database\MySQLi\Connection->execute('UPDATE portfoli...')
#2 C:\wamp64\www\lab2\021_nicolas_olagnon_v6.2\system\Database\BaseConnection.php(598): CodeIgniter\Database\BaseConnection->simpleQuery('UPDATE portfoli...')
#3 C:\wamp64\www\lab2\021_nicolas_olagnon_v6.2\app\Models\PortfolioItemsModel.php(236): CodeIgniter\Database\BaseConnection->query('UPDATE portfoli...')
#4 C:\wamp64\www\lab2\021_nicolas_olagnon_v6.2\app\Controllers\Admin\AdminPortfolioController.php(47): App\Models\PortfolioItemsModel->updatePositionItem(NULL, NULL)
#5 C:\wamp64\www\lab2\021_nicolas_olagnon_v6.2\system\CodeIgniter.php(832): App\Controllers\Admin\AdminPortfolioController->index()
#6 C:\wamp64\www\lab2\021_nicolas_olagnon_v6.2\system\CodeIgniter.php(419): CodeIgniter\CodeIgniter->runController(Object(App\Controllers\Admin\AdminPortfolioController))
#7 C:\wamp64\www\lab2\021_nicolas_olagnon_v6.2\system\CodeIgniter.php(326): CodeIgniter\CodeIgniter->handleRequest(NULL, Object(Config\Cache), false)
#8 C:\wamp64\www\lab2\021_nicolas_olagnon_v6.2\public\index.php(37): CodeIgniter\CodeIgniter->run()
#9 {main}
ERROR - 2022-03-21 00:36:27 --> Erreur de syntaxe près de 'WHERE id_portfolio_item =' à la ligne 1
CRITICAL - 2022-03-21 00:36:27 --> Erreur de syntaxe près de 'WHERE id_portfolio_item =' à la ligne 1
#0 C:\wamp64\www\lab2\021_nicolas_olagnon_v6.2\system\Database\MySQLi\Connection.php(292): mysqli->query('UPDATE portfoli...', 0)
#1 C:\wamp64\www\lab2\021_nicolas_olagnon_v6.2\system\Database\BaseConnection.php(670): CodeIgniter\Database\MySQLi\Connection->execute('UPDATE portfoli...')
#2 C:\wamp64\www\lab2\021_nicolas_olagnon_v6.2\system\Database\BaseConnection.php(598): CodeIgniter\Database\BaseConnection->simpleQuery('UPDATE portfoli...')
#3 C:\wamp64\www\lab2\021_nicolas_olagnon_v6.2\app\Models\PortfolioItemsModel.php(236): CodeIgniter\Database\BaseConnection->query('UPDATE portfoli...')
#4 C:\wamp64\www\lab2\021_nicolas_olagnon_v6.2\app\Controllers\Admin\AdminPortfolioController.php(47): App\Models\PortfolioItemsModel->updatePositionItem(NULL, NULL)
#5 C:\wamp64\www\lab2\021_nicolas_olagnon_v6.2\system\CodeIgniter.php(832): App\Controllers\Admin\AdminPortfolioController->index()
#6 C:\wamp64\www\lab2\021_nicolas_olagnon_v6.2\system\CodeIgniter.php(419): CodeIgniter\CodeIgniter->runController(Object(App\Controllers\Admin\AdminPortfolioController))
#7 C:\wamp64\www\lab2\021_nicolas_olagnon_v6.2\system\CodeIgniter.php(326): CodeIgniter\CodeIgniter->handleRequest(NULL, Object(Config\Cache), false)
#8 C:\wamp64\www\lab2\021_nicolas_olagnon_v6.2\public\index.php(37): CodeIgniter\CodeIgniter->run()
#9 {main}
CRITICAL - 2022-03-21 10:27:03 --> syntax error, unexpected single-quoted string ",", expecting "]"
#0 C:\wamp64\www\lab2\021_nicolas_olagnon_v6.2\system\Autoloader\Autoloader.php(241): CodeIgniter\Autoloader\Autoloader->includeFile('C:\\wamp64\\www\\l...')
#1 C:\wamp64\www\lab2\021_nicolas_olagnon_v6.2\system\Autoloader\Autoloader.php(219): CodeIgniter\Autoloader\Autoloader->loadInNamespace('App\\Controllers...')
#2 [internal function]: CodeIgniter\Autoloader\Autoloader->loadClass('App\\Controllers...')
#3 C:\wamp64\www\lab2\021_nicolas_olagnon_v6.2\system\CodeIgniter.php(797): class_exists('\\App\\Controller...', true)
#4 C:\wamp64\www\lab2\021_nicolas_olagnon_v6.2\system\CodeIgniter.php(406): CodeIgniter\CodeIgniter->startController()
#5 C:\wamp64\www\lab2\021_nicolas_olagnon_v6.2\system\CodeIgniter.php(326): CodeIgniter\CodeIgniter->handleRequest(NULL, Object(Config\Cache), false)
#6 C:\wamp64\www\lab2\021_nicolas_olagnon_v6.2\public\index.php(37): CodeIgniter\CodeIgniter->run()
#7 {main}
CRITICAL - 2022-03-21 10:27:40 --> syntax error, unexpected identifier "linkNext", expecting "]"
#0 C:\wamp64\www\lab2\021_nicolas_olagnon_v6.2\system\Autoloader\Autoloader.php(241): CodeIgniter\Autoloader\Autoloader->includeFile('C:\\wamp64\\www\\l...')
#1 C:\wamp64\www\lab2\021_nicolas_olagnon_v6.2\system\Autoloader\Autoloader.php(219): CodeIgniter\Autoloader\Autoloader->loadInNamespace('App\\Controllers...')
#2 [internal function]: CodeIgniter\Autoloader\Autoloader->loadClass('App\\Controllers...')
#3 C:\wamp64\www\lab2\021_nicolas_olagnon_v6.2\system\CodeIgniter.php(797): class_exists('\\App\\Controller...', true)
#4 C:\wamp64\www\lab2\021_nicolas_olagnon_v6.2\system\CodeIgniter.php(406): CodeIgniter\CodeIgniter->startController()
#5 C:\wamp64\www\lab2\021_nicolas_olagnon_v6.2\system\CodeIgniter.php(326): CodeIgniter\CodeIgniter->handleRequest(NULL, Object(Config\Cache), false)
#6 C:\wamp64\www\lab2\021_nicolas_olagnon_v6.2\public\index.php(37): CodeIgniter\CodeIgniter->run()
#7 {main}
ERROR - 2022-03-21 10:28:20 --> Erreur de syntaxe près de 'FROM portfolio_items
            ORDER BY sort_order ASC' à la ligne 4
CRITICAL - 2022-03-21 10:28:20 --> Erreur de syntaxe près de 'FROM portfolio_items
            ORDER BY sort_order ASC' à la ligne 4
#0 C:\wamp64\www\lab2\021_nicolas_olagnon_v6.2\system\Database\MySQLi\Connection.php(292): mysqli->query('SELECT  \r\n     ...', 0)
#1 C:\wamp64\www\lab2\021_nicolas_olagnon_v6.2\system\Database\BaseConnection.php(670): CodeIgniter\Database\MySQLi\Connection->execute('SELECT  \r\n     ...')
#2 C:\wamp64\www\lab2\021_nicolas_olagnon_v6.2\system\Database\BaseConnection.php(598): CodeIgniter\Database\BaseConnection->simpleQuery('SELECT  \r\n     ...')
#3 C:\wamp64\www\lab2\021_nicolas_olagnon_v6.2\app\Models\PortfolioItemsModel.php(86): CodeIgniter\Database\BaseConnection->query('SELECT  \r\n     ...')
#4 C:\wamp64\www\lab2\021_nicolas_olagnon_v6.2\app\Controllers\HomeController.php(205): App\Models\PortfolioItemsModel->getItemsIdAndLink()
#5 C:\wamp64\www\lab2\021_nicolas_olagnon_v6.2\system\CodeIgniter.php(832): App\Controllers\HomeController->portfolioItem('3')
#6 C:\wamp64\www\lab2\021_nicolas_olagnon_v6.2\system\CodeIgniter.php(419): CodeIgniter\CodeIgniter->runController(Object(App\Controllers\HomeController))
#7 C:\wamp64\www\lab2\021_nicolas_olagnon_v6.2\system\CodeIgniter.php(326): CodeIgniter\CodeIgniter->handleRequest(NULL, Object(Config\Cache), false)
#8 C:\wamp64\www\lab2\021_nicolas_olagnon_v6.2\public\index.php(37): CodeIgniter\CodeIgniter->run()
#9 {main}
CRITICAL - 2022-03-21 10:52:23 --> Undefined array key 9
#0 C:\wamp64\www\lab2\021_nicolas_olagnon_v6.2\app\Controllers\HomeController.php(220): CodeIgniter\Debug\Exceptions->errorHandler(2, 'Undefined array...', 'C:\\wamp64\\www\\l...', 220)
#1 C:\wamp64\www\lab2\021_nicolas_olagnon_v6.2\system\CodeIgniter.php(832): App\Controllers\HomeController->portfolioItem('9')
#2 C:\wamp64\www\lab2\021_nicolas_olagnon_v6.2\system\CodeIgniter.php(419): CodeIgniter\CodeIgniter->runController(Object(App\Controllers\HomeController))
#3 C:\wamp64\www\lab2\021_nicolas_olagnon_v6.2\system\CodeIgniter.php(326): CodeIgniter\CodeIgniter->handleRequest(NULL, Object(Config\Cache), false)
#4 C:\wamp64\www\lab2\021_nicolas_olagnon_v6.2\public\index.php(37): CodeIgniter\CodeIgniter->run()
#5 {main}
CRITICAL - 2022-03-21 10:55:32 --> Undefined array key 9
#0 C:\wamp64\www\lab2\021_nicolas_olagnon_v6.2\app\Controllers\HomeController.php(224): CodeIgniter\Debug\Exceptions->errorHandler(2, 'Undefined array...', 'C:\\wamp64\\www\\l...', 224)
#1 C:\wamp64\www\lab2\021_nicolas_olagnon_v6.2\system\CodeIgniter.php(832): App\Controllers\HomeController->portfolioItem('9')
#2 C:\wamp64\www\lab2\021_nicolas_olagnon_v6.2\system\CodeIgniter.php(419): CodeIgniter\CodeIgniter->runController(Object(App\Controllers\HomeController))
#3 C:\wamp64\www\lab2\021_nicolas_olagnon_v6.2\system\CodeIgniter.php(326): CodeIgniter\CodeIgniter->handleRequest(NULL, Object(Config\Cache), false)
#4 C:\wamp64\www\lab2\021_nicolas_olagnon_v6.2\public\index.php(37): CodeIgniter\CodeIgniter->run()
#5 {main}
CRITICAL - 2022-03-21 10:57:13 --> Undefined variable $linkNext
#0 C:\wamp64\www\lab2\021_nicolas_olagnon_v6.2\app\Controllers\HomeController.php(231): CodeIgniter\Debug\Exceptions->errorHandler(2, 'Undefined varia...', 'C:\\wamp64\\www\\l...', 231)
#1 C:\wamp64\www\lab2\021_nicolas_olagnon_v6.2\system\CodeIgniter.php(832): App\Controllers\HomeController->portfolioItem('9')
#2 C:\wamp64\www\lab2\021_nicolas_olagnon_v6.2\system\CodeIgniter.php(419): CodeIgniter\CodeIgniter->runController(Object(App\Controllers\HomeController))
#3 C:\wamp64\www\lab2\021_nicolas_olagnon_v6.2\system\CodeIgniter.php(326): CodeIgniter\CodeIgniter->handleRequest(NULL, Object(Config\Cache), false)
#4 C:\wamp64\www\lab2\021_nicolas_olagnon_v6.2\public\index.php(37): CodeIgniter\CodeIgniter->run()
#5 {main}
CRITICAL - 2022-03-21 10:57:39 --> Undefined variable $linkPrevious
#0 C:\wamp64\www\lab2\021_nicolas_olagnon_v6.2\app\Controllers\HomeController.php(230): CodeIgniter\Debug\Exceptions->errorHandler(2, 'Undefined varia...', 'C:\\wamp64\\www\\l...', 230)
#1 C:\wamp64\www\lab2\021_nicolas_olagnon_v6.2\system\CodeIgniter.php(832): App\Controllers\HomeController->portfolioItem('3')
#2 C:\wamp64\www\lab2\021_nicolas_olagnon_v6.2\system\CodeIgniter.php(419): CodeIgniter\CodeIgniter->runController(Object(App\Controllers\HomeController))
#3 C:\wamp64\www\lab2\021_nicolas_olagnon_v6.2\system\CodeIgniter.php(326): CodeIgniter\CodeIgniter->handleRequest(NULL, Object(Config\Cache), false)
#4 C:\wamp64\www\lab2\021_nicolas_olagnon_v6.2\public\index.php(37): CodeIgniter\CodeIgniter->run()
#5 {main}
CRITICAL - 2022-03-21 11:02:56 --> Undefined variable $linkNext
#0 C:\wamp64\www\lab2\021_nicolas_olagnon_v6.2\app\Controllers\HomeController.php(227): CodeIgniter\Debug\Exceptions->errorHandler(2, 'Undefined varia...', 'C:\\wamp64\\www\\l...', 227)
#1 C:\wamp64\www\lab2\021_nicolas_olagnon_v6.2\system\CodeIgniter.php(832): App\Controllers\HomeController->portfolioItem('9')
#2 C:\wamp64\www\lab2\021_nicolas_olagnon_v6.2\system\CodeIgniter.php(419): CodeIgniter\CodeIgniter->runController(Object(App\Controllers\HomeController))
#3 C:\wamp64\www\lab2\021_nicolas_olagnon_v6.2\system\CodeIgniter.php(326): CodeIgniter\CodeIgniter->handleRequest(NULL, Object(Config\Cache), false)
#4 C:\wamp64\www\lab2\021_nicolas_olagnon_v6.2\public\index.php(37): CodeIgniter\CodeIgniter->run()
#5 {main}
CRITICAL - 2022-03-21 11:44:49 --> Undefined array key "date_realisation"
#0 C:\wamp64\www\lab2\021_nicolas_olagnon_v6.2\app\Views\home\portfolio_id.php(27): CodeIgniter\Debug\Exceptions->errorHandler(2, 'Undefined array...', 'C:\\wamp64\\www\\l...', 27)
#1 C:\wamp64\www\lab2\021_nicolas_olagnon_v6.2\system\View\View.php(210): include('C:\\wamp64\\www\\l...')
#2 C:\wamp64\www\lab2\021_nicolas_olagnon_v6.2\system\View\View.php(213): CodeIgniter\View\View->CodeIgniter\View\{closure}()
#3 C:\wamp64\www\lab2\021_nicolas_olagnon_v6.2\system\Common.php(1089): CodeIgniter\View\View->render('home/portfolio_...', Array, true)
#4 C:\wamp64\www\lab2\021_nicolas_olagnon_v6.2\app\Controllers\HomeController.php(236): view('home/portfolio_...', Array)
#5 C:\wamp64\www\lab2\021_nicolas_olagnon_v6.2\system\CodeIgniter.php(832): App\Controllers\HomeController->portfolioItem('9')
#6 C:\wamp64\www\lab2\021_nicolas_olagnon_v6.2\system\CodeIgniter.php(419): CodeIgniter\CodeIgniter->runController(Object(App\Controllers\HomeController))
#7 C:\wamp64\www\lab2\021_nicolas_olagnon_v6.2\system\CodeIgniter.php(326): CodeIgniter\CodeIgniter->handleRequest(NULL, Object(Config\Cache), false)
#8 C:\wamp64\www\lab2\021_nicolas_olagnon_v6.2\public\index.php(37): CodeIgniter\CodeIgniter->run()
#9 {main}
CRITICAL - 2022-03-21 12:08:24 --> date_format(): Argument #1 ($object) must be of type DateTimeInterface, string given
#0 C:\wamp64\www\lab2\021_nicolas_olagnon_v6.2\app\Views\home\portfolio_id.php(28): date_format('2022-03-21 10:3...', 'Y-m-d')
#1 C:\wamp64\www\lab2\021_nicolas_olagnon_v6.2\system\View\View.php(210): include('C:\\wamp64\\www\\l...')
#2 C:\wamp64\www\lab2\021_nicolas_olagnon_v6.2\system\View\View.php(213): CodeIgniter\View\View->CodeIgniter\View\{closure}()
#3 C:\wamp64\www\lab2\021_nicolas_olagnon_v6.2\system\Common.php(1089): CodeIgniter\View\View->render('home/portfolio_...', Array, true)
#4 C:\wamp64\www\lab2\021_nicolas_olagnon_v6.2\app\Controllers\HomeController.php(236): view('home/portfolio_...', Array)
#5 C:\wamp64\www\lab2\021_nicolas_olagnon_v6.2\system\CodeIgniter.php(832): App\Controllers\HomeController->portfolioItem('8')
#6 C:\wamp64\www\lab2\021_nicolas_olagnon_v6.2\system\CodeIgniter.php(419): CodeIgniter\CodeIgniter->runController(Object(App\Controllers\HomeController))
#7 C:\wamp64\www\lab2\021_nicolas_olagnon_v6.2\system\CodeIgniter.php(326): CodeIgniter\CodeIgniter->handleRequest(NULL, Object(Config\Cache), false)
#8 C:\wamp64\www\lab2\021_nicolas_olagnon_v6.2\public\index.php(37): CodeIgniter\CodeIgniter->run()
#9 {main}
CRITICAL - 2022-03-21 12:56:09 --> Undefined array key "date_realisation"
#0 C:\wamp64\www\lab2\021_nicolas_olagnon_v6.2\app\Views\includes\include_card_item.php(28): CodeIgniter\Debug\Exceptions->errorHandler(2, 'Undefined array...', 'C:\\wamp64\\www\\l...', 28)
#1 C:\wamp64\www\lab2\021_nicolas_olagnon_v6.2\system\View\View.php(210): include('C:\\wamp64\\www\\l...')
#2 C:\wamp64\www\lab2\021_nicolas_olagnon_v6.2\system\View\View.php(213): CodeIgniter\View\View->CodeIgniter\View\{closure}()
#3 C:\wamp64\www\lab2\021_nicolas_olagnon_v6.2\system\View\View.php(424): CodeIgniter\View\View->render('includes/includ...', NULL, true)
#4 C:\wamp64\www\lab2\021_nicolas_olagnon_v6.2\app\Views\home\portfolio.php(50): CodeIgniter\View\View->include('includes/includ...')
#5 C:\wamp64\www\lab2\021_nicolas_olagnon_v6.2\system\View\View.php(210): include('C:\\wamp64\\www\\l...')
#6 C:\wamp64\www\lab2\021_nicolas_olagnon_v6.2\system\View\View.php(213): CodeIgniter\View\View->CodeIgniter\View\{closure}()
#7 C:\wamp64\www\lab2\021_nicolas_olagnon_v6.2\system\Common.php(1089): CodeIgniter\View\View->render('home/portfolio', Array, true)
#8 C:\wamp64\www\lab2\021_nicolas_olagnon_v6.2\app\Controllers\HomeController.php(149): view('home/portfolio', Array)
#9 C:\wamp64\www\lab2\021_nicolas_olagnon_v6.2\system\CodeIgniter.php(832): App\Controllers\HomeController->portfolio()
#10 C:\wamp64\www\lab2\021_nicolas_olagnon_v6.2\system\CodeIgniter.php(419): CodeIgniter\CodeIgniter->runController(Object(App\Controllers\HomeController))
#11 C:\wamp64\www\lab2\021_nicolas_olagnon_v6.2\system\CodeIgniter.php(326): CodeIgniter\CodeIgniter->handleRequest(NULL, Object(Config\Cache), false)
#12 C:\wamp64\www\lab2\021_nicolas_olagnon_v6.2\public\index.php(37): CodeIgniter\CodeIgniter->run()
#13 {main}
