CRITICAL - 2022-03-11 03:31:35 --> Undefined property: stdClass::$username
#0 C:\wamp64\www\lab2\021_nicolas_olagnon_v6.2\app\Libraries\Authentication.php(159): CodeIgniter\Debug\Exceptions->errorHandler(2, 'Undefined prope...', 'C:\\wamp64\\www\\l...', 159)
#1 C:\wamp64\www\lab2\021_nicolas_olagnon_v6.2\app\Controllers\LoginController.php(64): App\Libraries\Authentication->mailForgetPassword('nicolas@gmail.c...')
#2 C:\wamp64\www\lab2\021_nicolas_olagnon_v6.2\system\CodeIgniter.php(832): App\Controllers\LoginController->forgetPassword()
#3 C:\wamp64\www\lab2\021_nicolas_olagnon_v6.2\system\CodeIgniter.php(419): CodeIgniter\CodeIgniter->runController(Object(App\Controllers\LoginController))
#4 C:\wamp64\www\lab2\021_nicolas_olagnon_v6.2\system\CodeIgniter.php(326): CodeIgniter\CodeIgniter->handleRequest(NULL, Object(Config\Cache), false)
#5 C:\wamp64\www\lab2\021_nicolas_olagnon_v6.2\public\index.php(37): CodeIgniter\CodeIgniter->run()
#6 {main}
CRITICAL - 2022-03-11 03:34:17 --> Invalid file: login/reset.php
#0 C:\wamp64\www\lab2\021_nicolas_olagnon_v6.2\system\View\View.php(198): CodeIgniter\Exceptions\FrameworkException::forInvalidFile('login/reset.php')
#1 C:\wamp64\www\lab2\021_nicolas_olagnon_v6.2\system\Common.php(1089): CodeIgniter\View\View->render('login/reset', Array, true)
#2 C:\wamp64\www\lab2\021_nicolas_olagnon_v6.2\app\Controllers\LoginController.php(106): view('login/reset')
#3 C:\wamp64\www\lab2\021_nicolas_olagnon_v6.2\system\CodeIgniter.php(832): App\Controllers\LoginController->resetPassword()
#4 C:\wamp64\www\lab2\021_nicolas_olagnon_v6.2\system\CodeIgniter.php(419): CodeIgniter\CodeIgniter->runController(Object(App\Controllers\LoginController))
#5 C:\wamp64\www\lab2\021_nicolas_olagnon_v6.2\system\CodeIgniter.php(326): CodeIgniter\CodeIgniter->handleRequest(NULL, Object(Config\Cache), false)
#6 C:\wamp64\www\lab2\021_nicolas_olagnon_v6.2\public\index.php(37): CodeIgniter\CodeIgniter->run()
#7 {main}
CRITICAL - 2022-03-11 03:54:58 --> Invalid file: reset.php
#0 C:\wamp64\www\lab2\021_nicolas_olagnon_v6.2\system\View\View.php(198): CodeIgniter\Exceptions\FrameworkException::forInvalidFile('reset.php')
#1 C:\wamp64\www\lab2\021_nicolas_olagnon_v6.2\system\Common.php(1089): CodeIgniter\View\View->render('reset', Array, true)
#2 C:\wamp64\www\lab2\021_nicolas_olagnon_v6.2\app\Controllers\LoginController.php(116): view('reset')
#3 C:\wamp64\www\lab2\021_nicolas_olagnon_v6.2\system\CodeIgniter.php(832): App\Controllers\LoginController->resetPassword()
#4 C:\wamp64\www\lab2\021_nicolas_olagnon_v6.2\system\CodeIgniter.php(419): CodeIgniter\CodeIgniter->runController(Object(App\Controllers\LoginController))
#5 C:\wamp64\www\lab2\021_nicolas_olagnon_v6.2\system\CodeIgniter.php(326): CodeIgniter\CodeIgniter->handleRequest(NULL, Object(Config\Cache), false)
#6 C:\wamp64\www\lab2\021_nicolas_olagnon_v6.2\public\index.php(37): CodeIgniter\CodeIgniter->run()
#7 {main}
CRITICAL - 2022-03-11 13:29:53 --> Array to string conversion
#0 C:\wamp64\www\lab2\021_nicolas_olagnon_v6.2\app\Views\root\index.php(33): CodeIgniter\Debug\Exceptions->errorHandler(2, 'Array to string...', 'C:\\wamp64\\www\\l...', 33)
#1 C:\wamp64\www\lab2\021_nicolas_olagnon_v6.2\system\View\View.php(210): include('C:\\wamp64\\www\\l...')
#2 C:\wamp64\www\lab2\021_nicolas_olagnon_v6.2\system\View\View.php(213): CodeIgniter\View\View->CodeIgniter\View\{closure}()
#3 C:\wamp64\www\lab2\021_nicolas_olagnon_v6.2\system\Common.php(1089): CodeIgniter\View\View->render('root/index', Array, true)
#4 C:\wamp64\www\lab2\021_nicolas_olagnon_v6.2\app\Controllers\RootController.php(33): view('root/index')
#5 C:\wamp64\www\lab2\021_nicolas_olagnon_v6.2\system\CodeIgniter.php(832): App\Controllers\RootController->index()
#6 C:\wamp64\www\lab2\021_nicolas_olagnon_v6.2\system\CodeIgniter.php(419): CodeIgniter\CodeIgniter->runController(Object(App\Controllers\RootController))
#7 C:\wamp64\www\lab2\021_nicolas_olagnon_v6.2\system\CodeIgniter.php(326): CodeIgniter\CodeIgniter->handleRequest(NULL, Object(Config\Cache), false)
#8 C:\wamp64\www\lab2\021_nicolas_olagnon_v6.2\public\index.php(37): CodeIgniter\CodeIgniter->run()
#9 {main}
CRITICAL - 2022-03-11 14:30:02 --> syntax error, unexpected token ";", expecting "]"
#0 C:\wamp64\www\lab2\021_nicolas_olagnon_v6.2\system\Autoloader\Autoloader.php(241): CodeIgniter\Autoloader\Autoloader->includeFile('C:\\wamp64\\www\\l...')
#1 C:\wamp64\www\lab2\021_nicolas_olagnon_v6.2\system\Autoloader\Autoloader.php(219): CodeIgniter\Autoloader\Autoloader->loadInNamespace('App\\Controllers...')
#2 [internal function]: CodeIgniter\Autoloader\Autoloader->loadClass('App\\Controllers...')
#3 C:\wamp64\www\lab2\021_nicolas_olagnon_v6.2\system\CodeIgniter.php(797): class_exists('\\App\\Controller...', true)
#4 C:\wamp64\www\lab2\021_nicolas_olagnon_v6.2\system\CodeIgniter.php(406): CodeIgniter\CodeIgniter->startController()
#5 C:\wamp64\www\lab2\021_nicolas_olagnon_v6.2\system\CodeIgniter.php(326): CodeIgniter\CodeIgniter->handleRequest(NULL, Object(Config\Cache), false)
#6 C:\wamp64\www\lab2\021_nicolas_olagnon_v6.2\public\index.php(37): CodeIgniter\CodeIgniter->run()
#7 {main}
CRITICAL - 2022-03-11 14:31:35 --> validateUsername is not a valid rule.
#0 C:\wamp64\www\lab2\021_nicolas_olagnon_v6.2\system\Validation\Validation.php(300): CodeIgniter\Validation\Exceptions\ValidationException::forRuleNotFound('validateUsernam...')
#1 C:\wamp64\www\lab2\021_nicolas_olagnon_v6.2\system\Validation\Validation.php(157): CodeIgniter\Validation\Validation->processRules('register_prenom', 'Prenom', 'jonn', Array, Array)
#2 C:\wamp64\www\lab2\021_nicolas_olagnon_v6.2\system\Controller.php(160): CodeIgniter\Validation\Validation->run()
#3 C:\wamp64\www\lab2\021_nicolas_olagnon_v6.2\app\Controllers\RegistrationController.php(84): CodeIgniter\Controller->validate(Array)
#4 C:\wamp64\www\lab2\021_nicolas_olagnon_v6.2\system\CodeIgniter.php(832): App\Controllers\RegistrationController->register()
#5 C:\wamp64\www\lab2\021_nicolas_olagnon_v6.2\system\CodeIgniter.php(419): CodeIgniter\CodeIgniter->runController(Object(App\Controllers\RegistrationController))
#6 C:\wamp64\www\lab2\021_nicolas_olagnon_v6.2\system\CodeIgniter.php(326): CodeIgniter\CodeIgniter->handleRequest(NULL, Object(Config\Cache), false)
#7 C:\wamp64\www\lab2\021_nicolas_olagnon_v6.2\public\index.php(37): CodeIgniter\CodeIgniter->run()
#8 {main}
CRITICAL - 2022-03-11 14:32:12 --> validateUsername is not a valid rule.
#0 C:\wamp64\www\lab2\021_nicolas_olagnon_v6.2\system\Validation\Validation.php(300): CodeIgniter\Validation\Exceptions\ValidationException::forRuleNotFound('validateUsernam...')
#1 C:\wamp64\www\lab2\021_nicolas_olagnon_v6.2\system\Validation\Validation.php(157): CodeIgniter\Validation\Validation->processRules('register_prenom', 'Prenom', 'jonn', Array, Array)
#2 C:\wamp64\www\lab2\021_nicolas_olagnon_v6.2\system\Controller.php(160): CodeIgniter\Validation\Validation->run()
#3 C:\wamp64\www\lab2\021_nicolas_olagnon_v6.2\app\Controllers\RegistrationController.php(84): CodeIgniter\Controller->validate(Array)
#4 C:\wamp64\www\lab2\021_nicolas_olagnon_v6.2\system\CodeIgniter.php(832): App\Controllers\RegistrationController->register()
#5 C:\wamp64\www\lab2\021_nicolas_olagnon_v6.2\system\CodeIgniter.php(419): CodeIgniter\CodeIgniter->runController(Object(App\Controllers\RegistrationController))
#6 C:\wamp64\www\lab2\021_nicolas_olagnon_v6.2\system\CodeIgniter.php(326): CodeIgniter\CodeIgniter->handleRequest(NULL, Object(Config\Cache), false)
#7 C:\wamp64\www\lab2\021_nicolas_olagnon_v6.2\public\index.php(37): CodeIgniter\CodeIgniter->run()
#8 {main}
CRITICAL - 2022-03-11 14:32:33 --> Undefined variable $dataview
#0 C:\wamp64\www\lab2\021_nicolas_olagnon_v6.2\app\Controllers\RegistrationController.php(110): CodeIgniter\Debug\Exceptions->errorHandler(2, 'Undefined varia...', 'C:\\wamp64\\www\\l...', 110)
#1 C:\wamp64\www\lab2\021_nicolas_olagnon_v6.2\system\CodeIgniter.php(832): App\Controllers\RegistrationController->register()
#2 C:\wamp64\www\lab2\021_nicolas_olagnon_v6.2\system\CodeIgniter.php(419): CodeIgniter\CodeIgniter->runController(Object(App\Controllers\RegistrationController))
#3 C:\wamp64\www\lab2\021_nicolas_olagnon_v6.2\system\CodeIgniter.php(326): CodeIgniter\CodeIgniter->handleRequest(NULL, Object(Config\Cache), false)
#4 C:\wamp64\www\lab2\021_nicolas_olagnon_v6.2\public\index.php(37): CodeIgniter\CodeIgniter->run()
#5 {main}
CRITICAL - 2022-03-11 16:18:20 --> Constant expression contains invalid operations
#0 [internal function]: CodeIgniter\Debug\Exceptions->shutdownHandler()
#1 {main}
CRITICAL - 2022-03-11 16:19:36 --> Access to undeclared static property App\Libraries\Authentication::$timeCookie
#0 C:\wamp64\www\lab2\021_nicolas_olagnon_v6.2\app\Libraries\Authentication.php(40): App\Libraries\Authentication->remember('11')
#1 C:\wamp64\www\lab2\021_nicolas_olagnon_v6.2\app\Controllers\LoginController.php(30): App\Libraries\Authentication->login('nicolas@gmail.c...', 'wxcvbn', 'on')
#2 C:\wamp64\www\lab2\021_nicolas_olagnon_v6.2\system\CodeIgniter.php(832): App\Controllers\LoginController->login()
#3 C:\wamp64\www\lab2\021_nicolas_olagnon_v6.2\system\CodeIgniter.php(419): CodeIgniter\CodeIgniter->runController(Object(App\Controllers\LoginController))
#4 C:\wamp64\www\lab2\021_nicolas_olagnon_v6.2\system\CodeIgniter.php(326): CodeIgniter\CodeIgniter->handleRequest(NULL, Object(Config\Cache), false)
#5 C:\wamp64\www\lab2\021_nicolas_olagnon_v6.2\public\index.php(37): CodeIgniter\CodeIgniter->run()
#6 {main}
CRITICAL - 2022-03-11 18:43:44 --> Invalid file: templates/default_home.php
#0 C:\wamp64\www\lab2\021_nicolas_olagnon_v6.2\system\View\View.php(198): CodeIgniter\Exceptions\FrameworkException::forInvalidFile('templates/defau...')
#1 C:\wamp64\www\lab2\021_nicolas_olagnon_v6.2\system\View\View.php(226): CodeIgniter\View\View->render('templates/defau...', Array, true)
#2 C:\wamp64\www\lab2\021_nicolas_olagnon_v6.2\system\Common.php(1089): CodeIgniter\View\View->render('home/home', Array, true)
#3 C:\wamp64\www\lab2\021_nicolas_olagnon_v6.2\app\Controllers\HomeController.php(9): view('home/home')
#4 C:\wamp64\www\lab2\021_nicolas_olagnon_v6.2\system\CodeIgniter.php(832): App\Controllers\HomeController->home()
#5 C:\wamp64\www\lab2\021_nicolas_olagnon_v6.2\system\CodeIgniter.php(419): CodeIgniter\CodeIgniter->runController(Object(App\Controllers\HomeController))
#6 C:\wamp64\www\lab2\021_nicolas_olagnon_v6.2\system\CodeIgniter.php(326): CodeIgniter\CodeIgniter->handleRequest(NULL, Object(Config\Cache), false)
#7 C:\wamp64\www\lab2\021_nicolas_olagnon_v6.2\public\index.php(37): CodeIgniter\CodeIgniter->run()
#8 {main}
CRITICAL - 2022-03-11 18:44:11 --> Undefined array key "auth_portfolio"
#0 C:\wamp64\www\lab2\021_nicolas_olagnon_v6.2\app\Views\includes\include_nav.php(38): CodeIgniter\Debug\Exceptions->errorHandler(2, 'Undefined array...', 'C:\\wamp64\\www\\l...', 38)
#1 C:\wamp64\www\lab2\021_nicolas_olagnon_v6.2\system\View\View.php(210): include('C:\\wamp64\\www\\l...')
#2 C:\wamp64\www\lab2\021_nicolas_olagnon_v6.2\system\View\View.php(213): CodeIgniter\View\View->CodeIgniter\View\{closure}()
#3 C:\wamp64\www\lab2\021_nicolas_olagnon_v6.2\system\View\View.php(424): CodeIgniter\View\View->render('includes/includ...', NULL, true)
#4 C:\wamp64\www\lab2\021_nicolas_olagnon_v6.2\app\Views\templates\template_home.php(22): CodeIgniter\View\View->include('includes/includ...')
#5 C:\wamp64\www\lab2\021_nicolas_olagnon_v6.2\system\View\View.php(210): include('C:\\wamp64\\www\\l...')
#6 C:\wamp64\www\lab2\021_nicolas_olagnon_v6.2\system\View\View.php(213): CodeIgniter\View\View->CodeIgniter\View\{closure}()
#7 C:\wamp64\www\lab2\021_nicolas_olagnon_v6.2\system\View\View.php(226): CodeIgniter\View\View->render('templates/templ...', Array, true)
#8 C:\wamp64\www\lab2\021_nicolas_olagnon_v6.2\system\Common.php(1089): CodeIgniter\View\View->render('home/home', Array, true)
#9 C:\wamp64\www\lab2\021_nicolas_olagnon_v6.2\app\Controllers\HomeController.php(9): view('home/home')
#10 C:\wamp64\www\lab2\021_nicolas_olagnon_v6.2\system\CodeIgniter.php(832): App\Controllers\HomeController->home()
#11 C:\wamp64\www\lab2\021_nicolas_olagnon_v6.2\system\CodeIgniter.php(419): CodeIgniter\CodeIgniter->runController(Object(App\Controllers\HomeController))
#12 C:\wamp64\www\lab2\021_nicolas_olagnon_v6.2\system\CodeIgniter.php(326): CodeIgniter\CodeIgniter->handleRequest(NULL, Object(Config\Cache), false)
#13 C:\wamp64\www\lab2\021_nicolas_olagnon_v6.2\public\index.php(37): CodeIgniter\CodeIgniter->run()
#14 {main}
CRITICAL - 2022-03-11 18:44:30 --> Undefined array key "auth_portfolio"
#0 C:\wamp64\www\lab2\021_nicolas_olagnon_v6.2\app\Views\includes\include_nav.php(38): CodeIgniter\Debug\Exceptions->errorHandler(2, 'Undefined array...', 'C:\\wamp64\\www\\l...', 38)
#1 C:\wamp64\www\lab2\021_nicolas_olagnon_v6.2\system\View\View.php(210): include('C:\\wamp64\\www\\l...')
#2 C:\wamp64\www\lab2\021_nicolas_olagnon_v6.2\system\View\View.php(213): CodeIgniter\View\View->CodeIgniter\View\{closure}()
#3 C:\wamp64\www\lab2\021_nicolas_olagnon_v6.2\system\View\View.php(424): CodeIgniter\View\View->render('includes/includ...', NULL, true)
#4 C:\wamp64\www\lab2\021_nicolas_olagnon_v6.2\app\Views\templates\template_home.php(22): CodeIgniter\View\View->include('includes/includ...')
#5 C:\wamp64\www\lab2\021_nicolas_olagnon_v6.2\system\View\View.php(210): include('C:\\wamp64\\www\\l...')
#6 C:\wamp64\www\lab2\021_nicolas_olagnon_v6.2\system\View\View.php(213): CodeIgniter\View\View->CodeIgniter\View\{closure}()
#7 C:\wamp64\www\lab2\021_nicolas_olagnon_v6.2\system\View\View.php(226): CodeIgniter\View\View->render('templates/templ...', Array, true)
#8 C:\wamp64\www\lab2\021_nicolas_olagnon_v6.2\system\Common.php(1089): CodeIgniter\View\View->render('home/home', Array, true)
#9 C:\wamp64\www\lab2\021_nicolas_olagnon_v6.2\app\Controllers\HomeController.php(9): view('home/home')
#10 C:\wamp64\www\lab2\021_nicolas_olagnon_v6.2\system\CodeIgniter.php(832): App\Controllers\HomeController->home()
#11 C:\wamp64\www\lab2\021_nicolas_olagnon_v6.2\system\CodeIgniter.php(419): CodeIgniter\CodeIgniter->runController(Object(App\Controllers\HomeController))
#12 C:\wamp64\www\lab2\021_nicolas_olagnon_v6.2\system\CodeIgniter.php(326): CodeIgniter\CodeIgniter->handleRequest(NULL, Object(Config\Cache), false)
#13 C:\wamp64\www\lab2\021_nicolas_olagnon_v6.2\public\index.php(37): CodeIgniter\CodeIgniter->run()
#14 {main}
CRITICAL - 2022-03-11 18:44:53 --> Cannot use object of type stdClass as array
#0 C:\wamp64\www\lab2\021_nicolas_olagnon_v6.2\system\View\View.php(210): include()
#1 C:\wamp64\www\lab2\021_nicolas_olagnon_v6.2\system\View\View.php(213): CodeIgniter\View\View->CodeIgniter\View\{closure}()
#2 C:\wamp64\www\lab2\021_nicolas_olagnon_v6.2\system\View\View.php(424): CodeIgniter\View\View->render('includes/includ...', NULL, true)
#3 C:\wamp64\www\lab2\021_nicolas_olagnon_v6.2\app\Views\templates\template_home.php(22): CodeIgniter\View\View->include('includes/includ...')
#4 C:\wamp64\www\lab2\021_nicolas_olagnon_v6.2\system\View\View.php(210): include('C:\\wamp64\\www\\l...')
#5 C:\wamp64\www\lab2\021_nicolas_olagnon_v6.2\system\View\View.php(213): CodeIgniter\View\View->CodeIgniter\View\{closure}()
#6 C:\wamp64\www\lab2\021_nicolas_olagnon_v6.2\system\View\View.php(226): CodeIgniter\View\View->render('templates/templ...', Array, true)
#7 C:\wamp64\www\lab2\021_nicolas_olagnon_v6.2\system\Common.php(1089): CodeIgniter\View\View->render('home/home', Array, true)
#8 C:\wamp64\www\lab2\021_nicolas_olagnon_v6.2\app\Controllers\HomeController.php(9): view('home/home')
#9 C:\wamp64\www\lab2\021_nicolas_olagnon_v6.2\system\CodeIgniter.php(832): App\Controllers\HomeController->home()
#10 C:\wamp64\www\lab2\021_nicolas_olagnon_v6.2\system\CodeIgniter.php(419): CodeIgniter\CodeIgniter->runController(Object(App\Controllers\HomeController))
#11 C:\wamp64\www\lab2\021_nicolas_olagnon_v6.2\system\CodeIgniter.php(326): CodeIgniter\CodeIgniter->handleRequest(NULL, Object(Config\Cache), false)
#12 C:\wamp64\www\lab2\021_nicolas_olagnon_v6.2\public\index.php(37): CodeIgniter\CodeIgniter->run()
#13 {main}
CRITICAL - 2022-03-11 18:45:19 --> Cannot use object of type stdClass as array
#0 C:\wamp64\www\lab2\021_nicolas_olagnon_v6.2\system\View\View.php(210): include()
#1 C:\wamp64\www\lab2\021_nicolas_olagnon_v6.2\system\View\View.php(213): CodeIgniter\View\View->CodeIgniter\View\{closure}()
#2 C:\wamp64\www\lab2\021_nicolas_olagnon_v6.2\system\View\View.php(424): CodeIgniter\View\View->render('includes/includ...', NULL, true)
#3 C:\wamp64\www\lab2\021_nicolas_olagnon_v6.2\app\Views\templates\template_home.php(22): CodeIgniter\View\View->include('includes/includ...')
#4 C:\wamp64\www\lab2\021_nicolas_olagnon_v6.2\system\View\View.php(210): include('C:\\wamp64\\www\\l...')
#5 C:\wamp64\www\lab2\021_nicolas_olagnon_v6.2\system\View\View.php(213): CodeIgniter\View\View->CodeIgniter\View\{closure}()
#6 C:\wamp64\www\lab2\021_nicolas_olagnon_v6.2\system\View\View.php(226): CodeIgniter\View\View->render('templates/templ...', Array, true)
#7 C:\wamp64\www\lab2\021_nicolas_olagnon_v6.2\system\Common.php(1089): CodeIgniter\View\View->render('home/home', Array, true)
#8 C:\wamp64\www\lab2\021_nicolas_olagnon_v6.2\app\Controllers\HomeController.php(9): view('home/home')
#9 C:\wamp64\www\lab2\021_nicolas_olagnon_v6.2\system\CodeIgniter.php(832): App\Controllers\HomeController->home()
#10 C:\wamp64\www\lab2\021_nicolas_olagnon_v6.2\system\CodeIgniter.php(419): CodeIgniter\CodeIgniter->runController(Object(App\Controllers\HomeController))
#11 C:\wamp64\www\lab2\021_nicolas_olagnon_v6.2\system\CodeIgniter.php(326): CodeIgniter\CodeIgniter->handleRequest(NULL, Object(Config\Cache), false)
#12 C:\wamp64\www\lab2\021_nicolas_olagnon_v6.2\public\index.php(37): CodeIgniter\CodeIgniter->run()
#13 {main}
CRITICAL - 2022-03-11 18:46:09 --> Cannot use object of type stdClass as array
#0 C:\wamp64\www\lab2\021_nicolas_olagnon_v6.2\system\View\View.php(210): include()
#1 C:\wamp64\www\lab2\021_nicolas_olagnon_v6.2\system\View\View.php(213): CodeIgniter\View\View->CodeIgniter\View\{closure}()
#2 C:\wamp64\www\lab2\021_nicolas_olagnon_v6.2\system\View\View.php(424): CodeIgniter\View\View->render('includes/includ...', NULL, true)
#3 C:\wamp64\www\lab2\021_nicolas_olagnon_v6.2\app\Views\templates\template_home.php(22): CodeIgniter\View\View->include('includes/includ...')
#4 C:\wamp64\www\lab2\021_nicolas_olagnon_v6.2\system\View\View.php(210): include('C:\\wamp64\\www\\l...')
#5 C:\wamp64\www\lab2\021_nicolas_olagnon_v6.2\system\View\View.php(213): CodeIgniter\View\View->CodeIgniter\View\{closure}()
#6 C:\wamp64\www\lab2\021_nicolas_olagnon_v6.2\system\View\View.php(226): CodeIgniter\View\View->render('templates/templ...', Array, true)
#7 C:\wamp64\www\lab2\021_nicolas_olagnon_v6.2\system\Common.php(1089): CodeIgniter\View\View->render('home/home', Array, true)
#8 C:\wamp64\www\lab2\021_nicolas_olagnon_v6.2\app\Controllers\HomeController.php(9): view('home/home')
#9 C:\wamp64\www\lab2\021_nicolas_olagnon_v6.2\system\CodeIgniter.php(832): App\Controllers\HomeController->home()
#10 C:\wamp64\www\lab2\021_nicolas_olagnon_v6.2\system\CodeIgniter.php(419): CodeIgniter\CodeIgniter->runController(Object(App\Controllers\HomeController))
#11 C:\wamp64\www\lab2\021_nicolas_olagnon_v6.2\system\CodeIgniter.php(326): CodeIgniter\CodeIgniter->handleRequest(NULL, Object(Config\Cache), false)
#12 C:\wamp64\www\lab2\021_nicolas_olagnon_v6.2\public\index.php(37): CodeIgniter\CodeIgniter->run()
#13 {main}
