CRITICAL - 2022-03-14 00:14:54 --> Undefined array key "id"
#0 C:\wamp64\www\lab2\021_nicolas_olagnon_v6.2\app\Views\includes\include_home_section_3.php(78): CodeIgniter\Debug\Exceptions->errorHandler(2, 'Undefined array...', 'C:\\wamp64\\www\\l...', 78)
#1 C:\wamp64\www\lab2\021_nicolas_olagnon_v6.2\system\View\View.php(210): include('C:\\wamp64\\www\\l...')
#2 C:\wamp64\www\lab2\021_nicolas_olagnon_v6.2\system\View\View.php(213): CodeIgniter\View\View->CodeIgniter\View\{closure}()
#3 C:\wamp64\www\lab2\021_nicolas_olagnon_v6.2\system\View\View.php(424): CodeIgniter\View\View->render('includes/includ...', NULL, true)
#4 C:\wamp64\www\lab2\021_nicolas_olagnon_v6.2\app\Views\home\home.php(15): CodeIgniter\View\View->include('includes/includ...')
#5 C:\wamp64\www\lab2\021_nicolas_olagnon_v6.2\system\View\View.php(210): include('C:\\wamp64\\www\\l...')
#6 C:\wamp64\www\lab2\021_nicolas_olagnon_v6.2\system\View\View.php(213): CodeIgniter\View\View->CodeIgniter\View\{closure}()
#7 C:\wamp64\www\lab2\021_nicolas_olagnon_v6.2\system\Common.php(1089): CodeIgniter\View\View->render('home/home', Array, true)
#8 C:\wamp64\www\lab2\021_nicolas_olagnon_v6.2\app\Controllers\HomeController.php(56): view('home/home', Array)
#9 C:\wamp64\www\lab2\021_nicolas_olagnon_v6.2\system\CodeIgniter.php(832): App\Controllers\HomeController->home()
#10 C:\wamp64\www\lab2\021_nicolas_olagnon_v6.2\system\CodeIgniter.php(419): CodeIgniter\CodeIgniter->runController(Object(App\Controllers\HomeController))
#11 C:\wamp64\www\lab2\021_nicolas_olagnon_v6.2\system\CodeIgniter.php(326): CodeIgniter\CodeIgniter->handleRequest(NULL, Object(Config\Cache), false)
#12 C:\wamp64\www\lab2\021_nicolas_olagnon_v6.2\public\index.php(37): CodeIgniter\CodeIgniter->run()
#13 {main}
ERROR - 2022-03-14 09:27:07 --> Error connecting to the database: Aucune connexion n’a pu être établie car l’ordinateur cible l’a expressément refusée
CRITICAL - 2022-03-14 09:27:07 --> Unable to connect to the database.
Main connection [MySQLi]: Aucune connexion n’a pu être établie car l’ordinateur cible l’a expressément refusée
#0 C:\wamp64\www\lab2\021_nicolas_olagnon_v6.2\system\Database\BaseConnection.php(577): CodeIgniter\Database\BaseConnection->initialize()
#1 C:\wamp64\www\lab2\021_nicolas_olagnon_v6.2\app\Models\UsersModel.php(53): CodeIgniter\Database\BaseConnection->query('SELECT * FROM u...', Array)
#2 C:\wamp64\www\lab2\021_nicolas_olagnon_v6.2\app\Libraries\Authentication.php(33): App\Models\UsersModel->getUserConfirmedFromEmail('nicolas@gmail.c...')
#3 C:\wamp64\www\lab2\021_nicolas_olagnon_v6.2\app\Controllers\LoginController.php(30): App\Libraries\Authentication->login('nicolas@gmail.c...', 'wxcvbn', 'on')
#4 C:\wamp64\www\lab2\021_nicolas_olagnon_v6.2\system\CodeIgniter.php(832): App\Controllers\LoginController->login()
#5 C:\wamp64\www\lab2\021_nicolas_olagnon_v6.2\system\CodeIgniter.php(419): CodeIgniter\CodeIgniter->runController(Object(App\Controllers\LoginController))
#6 C:\wamp64\www\lab2\021_nicolas_olagnon_v6.2\system\CodeIgniter.php(326): CodeIgniter\CodeIgniter->handleRequest(NULL, Object(Config\Cache), false)
#7 C:\wamp64\www\lab2\021_nicolas_olagnon_v6.2\public\index.php(37): CodeIgniter\CodeIgniter->run()
#8 {main}
CRITICAL - 2022-03-14 10:14:24 --> Undefined variable $session
#0 C:\wamp64\www\lab2\021_nicolas_olagnon_v6.2\app\Views\admin\categories_portfolio\index.php(16): CodeIgniter\Debug\Exceptions->errorHandler(2, 'Undefined varia...', 'C:\\wamp64\\www\\l...', 16)
#1 C:\wamp64\www\lab2\021_nicolas_olagnon_v6.2\system\View\View.php(210): include('C:\\wamp64\\www\\l...')
#2 C:\wamp64\www\lab2\021_nicolas_olagnon_v6.2\system\View\View.php(213): CodeIgniter\View\View->CodeIgniter\View\{closure}()
#3 C:\wamp64\www\lab2\021_nicolas_olagnon_v6.2\system\Common.php(1089): CodeIgniter\View\View->render('admin/categorie...', Array, true)
#4 C:\wamp64\www\lab2\021_nicolas_olagnon_v6.2\app\Controllers\Admin\AdminCategoriesPortfolioController.php(24): view('admin/categorie...')
#5 C:\wamp64\www\lab2\021_nicolas_olagnon_v6.2\system\CodeIgniter.php(832): App\Controllers\Admin\AdminCategoriesPortfolioController->index()
#6 C:\wamp64\www\lab2\021_nicolas_olagnon_v6.2\system\CodeIgniter.php(419): CodeIgniter\CodeIgniter->runController(Object(App\Controllers\Admin\AdminCategoriesPortfolioController))
#7 C:\wamp64\www\lab2\021_nicolas_olagnon_v6.2\system\CodeIgniter.php(326): CodeIgniter\CodeIgniter->handleRequest(NULL, Object(Config\Cache), false)
#8 C:\wamp64\www\lab2\021_nicolas_olagnon_v6.2\public\index.php(37): CodeIgniter\CodeIgniter->run()
#9 {main}
CRITICAL - 2022-03-14 10:14:45 --> Invalid file: templates/default_home.php
#0 C:\wamp64\www\lab2\021_nicolas_olagnon_v6.2\system\View\View.php(198): CodeIgniter\Exceptions\FrameworkException::forInvalidFile('templates/defau...')
#1 C:\wamp64\www\lab2\021_nicolas_olagnon_v6.2\system\View\View.php(226): CodeIgniter\View\View->render('templates/defau...', Array, true)
#2 C:\wamp64\www\lab2\021_nicolas_olagnon_v6.2\system\Common.php(1089): CodeIgniter\View\View->render('admin/categorie...', Array, true)
#3 C:\wamp64\www\lab2\021_nicolas_olagnon_v6.2\app\Controllers\Admin\AdminCategoriesPortfolioController.php(95): view('admin/categorie...', Array)
#4 C:\wamp64\www\lab2\021_nicolas_olagnon_v6.2\system\CodeIgniter.php(832): App\Controllers\Admin\AdminCategoriesPortfolioController->edit('1')
#5 C:\wamp64\www\lab2\021_nicolas_olagnon_v6.2\system\CodeIgniter.php(419): CodeIgniter\CodeIgniter->runController(Object(App\Controllers\Admin\AdminCategoriesPortfolioController))
#6 C:\wamp64\www\lab2\021_nicolas_olagnon_v6.2\system\CodeIgniter.php(326): CodeIgniter\CodeIgniter->handleRequest(NULL, Object(Config\Cache), false)
#7 C:\wamp64\www\lab2\021_nicolas_olagnon_v6.2\public\index.php(37): CodeIgniter\CodeIgniter->run()
#8 {main}
CRITICAL - 2022-03-14 12:08:48 --> Invalid file: templates/default_home.php
#0 C:\wamp64\www\lab2\021_nicolas_olagnon_v6.2\system\View\View.php(198): CodeIgniter\Exceptions\FrameworkException::forInvalidFile('templates/defau...')
#1 C:\wamp64\www\lab2\021_nicolas_olagnon_v6.2\system\View\View.php(226): CodeIgniter\View\View->render('templates/defau...', Array, true)
#2 C:\wamp64\www\lab2\021_nicolas_olagnon_v6.2\system\Common.php(1089): CodeIgniter\View\View->render('admin/blog/inde...', Array, true)
#3 C:\wamp64\www\lab2\021_nicolas_olagnon_v6.2\app\Controllers\Admin\AdminBlogController.php(44): view('admin/blog/inde...', Array)
#4 C:\wamp64\www\lab2\021_nicolas_olagnon_v6.2\system\CodeIgniter.php(832): App\Controllers\Admin\AdminBlogController->index()
#5 C:\wamp64\www\lab2\021_nicolas_olagnon_v6.2\system\CodeIgniter.php(419): CodeIgniter\CodeIgniter->runController(Object(App\Controllers\Admin\AdminBlogController))
#6 C:\wamp64\www\lab2\021_nicolas_olagnon_v6.2\system\CodeIgniter.php(326): CodeIgniter\CodeIgniter->handleRequest(NULL, Object(Config\Cache), false)
#7 C:\wamp64\www\lab2\021_nicolas_olagnon_v6.2\public\index.php(37): CodeIgniter\CodeIgniter->run()
#8 {main}
CRITICAL - 2022-03-14 12:10:17 --> Undefined variable $article
#0 C:\wamp64\www\lab2\021_nicolas_olagnon_v6.2\app\Controllers\Admin\AdminBlogController.php(167): CodeIgniter\Debug\Exceptions->errorHandler(2, 'Undefined varia...', 'C:\\wamp64\\www\\l...', 167)
#1 C:\wamp64\www\lab2\021_nicolas_olagnon_v6.2\system\CodeIgniter.php(832): App\Controllers\Admin\AdminBlogController->edit()
#2 C:\wamp64\www\lab2\021_nicolas_olagnon_v6.2\system\CodeIgniter.php(419): CodeIgniter\CodeIgniter->runController(Object(App\Controllers\Admin\AdminBlogController))
#3 C:\wamp64\www\lab2\021_nicolas_olagnon_v6.2\system\CodeIgniter.php(326): CodeIgniter\CodeIgniter->handleRequest(NULL, Object(Config\Cache), false)
#4 C:\wamp64\www\lab2\021_nicolas_olagnon_v6.2\public\index.php(37): CodeIgniter\CodeIgniter->run()
#5 {main}
ERROR - 2022-03-14 12:30:10 --> Cannot add or update a child row: a foreign key constraint fails (`lab2_021_nicolas_olagnon_v6.2`.`articles`, CONSTRAINT `articles_categories_FK` FOREIGN KEY (`categories_articles_id`) REFERENCES `categories_articles` (`id_categorie_article`) ON DELETE SET N)
CRITICAL - 2022-03-14 12:30:10 --> Cannot add or update a child row: a foreign key constraint fails (`lab2_021_nicolas_olagnon_v6.2`.`articles`, CONSTRAINT `articles_categories_FK` FOREIGN KEY (`categories_articles_id`) REFERENCES `categories_articles` (`id_categorie_article`) ON DELETE SET N)
#0 C:\wamp64\www\lab2\021_nicolas_olagnon_v6.2\system\Database\MySQLi\Connection.php(292): mysqli->query('INSERT INTO `ar...', 0)
#1 C:\wamp64\www\lab2\021_nicolas_olagnon_v6.2\system\Database\BaseConnection.php(670): CodeIgniter\Database\MySQLi\Connection->execute('INSERT INTO `ar...')
#2 C:\wamp64\www\lab2\021_nicolas_olagnon_v6.2\system\Database\BaseConnection.php(598): CodeIgniter\Database\BaseConnection->simpleQuery('INSERT INTO `ar...')
#3 C:\wamp64\www\lab2\021_nicolas_olagnon_v6.2\system\Database\BaseBuilder.php(1771): CodeIgniter\Database\BaseConnection->query('INSERT INTO `ar...', Array, false)
#4 C:\wamp64\www\lab2\021_nicolas_olagnon_v6.2\app\Models\ArticlesModel.php(81): CodeIgniter\Database\BaseBuilder->insert(Array)
#5 C:\wamp64\www\lab2\021_nicolas_olagnon_v6.2\app\Controllers\Admin\AdminBlogController.php(142): App\Models\ArticlesModel->insertArticle(Array)
#6 C:\wamp64\www\lab2\021_nicolas_olagnon_v6.2\system\CodeIgniter.php(832): App\Controllers\Admin\AdminBlogController->edit()
#7 C:\wamp64\www\lab2\021_nicolas_olagnon_v6.2\system\CodeIgniter.php(419): CodeIgniter\CodeIgniter->runController(Object(App\Controllers\Admin\AdminBlogController))
#8 C:\wamp64\www\lab2\021_nicolas_olagnon_v6.2\system\CodeIgniter.php(326): CodeIgniter\CodeIgniter->handleRequest(NULL, Object(Config\Cache), false)
#9 C:\wamp64\www\lab2\021_nicolas_olagnon_v6.2\public\index.php(37): CodeIgniter\CodeIgniter->run()
#10 {main}
ERROR - 2022-03-14 12:35:20 --> Cannot add or update a child row: a foreign key constraint fails (`lab2_021_nicolas_olagnon_v6.2`.`articles`, CONSTRAINT `articles_categories_FK` FOREIGN KEY (`categories_articles_id`) REFERENCES `categories_articles` (`id_categorie_article`) ON DELETE SET N)
CRITICAL - 2022-03-14 12:35:20 --> Cannot add or update a child row: a foreign key constraint fails (`lab2_021_nicolas_olagnon_v6.2`.`articles`, CONSTRAINT `articles_categories_FK` FOREIGN KEY (`categories_articles_id`) REFERENCES `categories_articles` (`id_categorie_article`) ON DELETE SET N)
#0 C:\wamp64\www\lab2\021_nicolas_olagnon_v6.2\system\Database\MySQLi\Connection.php(292): mysqli->query('INSERT INTO `ar...', 0)
#1 C:\wamp64\www\lab2\021_nicolas_olagnon_v6.2\system\Database\BaseConnection.php(670): CodeIgniter\Database\MySQLi\Connection->execute('INSERT INTO `ar...')
#2 C:\wamp64\www\lab2\021_nicolas_olagnon_v6.2\system\Database\BaseConnection.php(598): CodeIgniter\Database\BaseConnection->simpleQuery('INSERT INTO `ar...')
#3 C:\wamp64\www\lab2\021_nicolas_olagnon_v6.2\system\Database\BaseBuilder.php(1771): CodeIgniter\Database\BaseConnection->query('INSERT INTO `ar...', Array, false)
#4 C:\wamp64\www\lab2\021_nicolas_olagnon_v6.2\app\Models\ArticlesModel.php(81): CodeIgniter\Database\BaseBuilder->insert(Array)
#5 C:\wamp64\www\lab2\021_nicolas_olagnon_v6.2\app\Controllers\Admin\AdminBlogController.php(142): App\Models\ArticlesModel->insertArticle(Array)
#6 C:\wamp64\www\lab2\021_nicolas_olagnon_v6.2\system\CodeIgniter.php(832): App\Controllers\Admin\AdminBlogController->edit()
#7 C:\wamp64\www\lab2\021_nicolas_olagnon_v6.2\system\CodeIgniter.php(419): CodeIgniter\CodeIgniter->runController(Object(App\Controllers\Admin\AdminBlogController))
#8 C:\wamp64\www\lab2\021_nicolas_olagnon_v6.2\system\CodeIgniter.php(326): CodeIgniter\CodeIgniter->handleRequest(NULL, Object(Config\Cache), false)
#9 C:\wamp64\www\lab2\021_nicolas_olagnon_v6.2\public\index.php(37): CodeIgniter\CodeIgniter->run()
#10 {main}
CRITICAL - 2022-03-14 13:45:38 --> Call to undefined method App\Models\ImagesModel::lastInsertId
#0 C:\wamp64\www\lab2\021_nicolas_olagnon_v6.2\app\Libraries\ImagesManager.php(117): CodeIgniter\Model->__call('lastInsertId', Array)
#1 C:\wamp64\www\lab2\021_nicolas_olagnon_v6.2\app\Controllers\Admin\AdminPortfolioController.php(191): App\Libraries\ImagesManager::manageFiles(Array, 13, 'portfolio_items...', 330, true)
#2 C:\wamp64\www\lab2\021_nicolas_olagnon_v6.2\system\CodeIgniter.php(832): App\Controllers\Admin\AdminPortfolioController->edit()
#3 C:\wamp64\www\lab2\021_nicolas_olagnon_v6.2\system\CodeIgniter.php(419): CodeIgniter\CodeIgniter->runController(Object(App\Controllers\Admin\AdminPortfolioController))
#4 C:\wamp64\www\lab2\021_nicolas_olagnon_v6.2\system\CodeIgniter.php(326): CodeIgniter\CodeIgniter->handleRequest(NULL, Object(Config\Cache), false)
#5 C:\wamp64\www\lab2\021_nicolas_olagnon_v6.2\public\index.php(37): CodeIgniter\CodeIgniter->run()
#6 {main}
CRITICAL - 2022-03-14 14:28:20 --> App\Libraries\ImagesManager::highlightImage(): Argument #1 ($id) must be of type int, null given, called in C:\wamp64\www\lab2\021_nicolas_olagnon_v6.2\app\Controllers\Admin\AdminBlogController.php on line 149
#0 C:\wamp64\www\lab2\021_nicolas_olagnon_v6.2\app\Controllers\Admin\AdminBlogController.php(149): App\Libraries\ImagesManager::highlightImage(NULL, 4, 'article')
#1 C:\wamp64\www\lab2\021_nicolas_olagnon_v6.2\system\CodeIgniter.php(832): App\Controllers\Admin\AdminBlogController->edit()
#2 C:\wamp64\www\lab2\021_nicolas_olagnon_v6.2\system\CodeIgniter.php(419): CodeIgniter\CodeIgniter->runController(Object(App\Controllers\Admin\AdminBlogController))
#3 C:\wamp64\www\lab2\021_nicolas_olagnon_v6.2\system\CodeIgniter.php(326): CodeIgniter\CodeIgniter->handleRequest(NULL, Object(Config\Cache), false)
#4 C:\wamp64\www\lab2\021_nicolas_olagnon_v6.2\public\index.php(37): CodeIgniter\CodeIgniter->run()
#5 {main}
CRITICAL - 2022-03-14 14:40:34 --> App\Libraries\ImagesManager::highlightImage(): Argument #1 ($id) must be of type int, null given, called in C:\wamp64\www\lab2\021_nicolas_olagnon_v6.2\app\Controllers\Admin\AdminBlogController.php on line 151
#0 C:\wamp64\www\lab2\021_nicolas_olagnon_v6.2\app\Controllers\Admin\AdminBlogController.php(151): App\Libraries\ImagesManager::highlightImage(NULL, 7, 'article')
#1 C:\wamp64\www\lab2\021_nicolas_olagnon_v6.2\system\CodeIgniter.php(832): App\Controllers\Admin\AdminBlogController->edit()
#2 C:\wamp64\www\lab2\021_nicolas_olagnon_v6.2\system\CodeIgniter.php(419): CodeIgniter\CodeIgniter->runController(Object(App\Controllers\Admin\AdminBlogController))
#3 C:\wamp64\www\lab2\021_nicolas_olagnon_v6.2\system\CodeIgniter.php(326): CodeIgniter\CodeIgniter->handleRequest(NULL, Object(Config\Cache), false)
#4 C:\wamp64\www\lab2\021_nicolas_olagnon_v6.2\public\index.php(37): CodeIgniter\CodeIgniter->run()
#5 {main}
ERROR - 2022-03-14 14:41:56 --> Cannot add or update a child row: a foreign key constraint fails (`lab2_021_nicolas_olagnon_v6.2`.`articles`, CONSTRAINT `articles_images_FK` FOREIGN KEY (`image_highlight_id`) REFERENCES `images` (`id_image`) ON DELETE SET NULL)
CRITICAL - 2022-03-14 14:41:56 --> Cannot add or update a child row: a foreign key constraint fails (`lab2_021_nicolas_olagnon_v6.2`.`articles`, CONSTRAINT `articles_images_FK` FOREIGN KEY (`image_highlight_id`) REFERENCES `images` (`id_image`) ON DELETE SET NULL)
#0 C:\wamp64\www\lab2\021_nicolas_olagnon_v6.2\system\Database\MySQLi\Connection.php(292): mysqli->query('UPDATE `article...', 0)
#1 C:\wamp64\www\lab2\021_nicolas_olagnon_v6.2\system\Database\BaseConnection.php(670): CodeIgniter\Database\MySQLi\Connection->execute('UPDATE `article...')
#2 C:\wamp64\www\lab2\021_nicolas_olagnon_v6.2\system\Database\BaseConnection.php(598): CodeIgniter\Database\BaseConnection->simpleQuery('UPDATE `article...')
#3 C:\wamp64\www\lab2\021_nicolas_olagnon_v6.2\system\Database\BaseBuilder.php(1913): CodeIgniter\Database\BaseConnection->query('UPDATE `article...', Array, false)
#4 C:\wamp64\www\lab2\021_nicolas_olagnon_v6.2\app\Models\ArticlesModel.php(65): CodeIgniter\Database\BaseBuilder->update(Array)
#5 C:\wamp64\www\lab2\021_nicolas_olagnon_v6.2\app\Libraries\ImagesManager.php(28): App\Models\ArticlesModel->highlightImage(8, Array)
#6 C:\wamp64\www\lab2\021_nicolas_olagnon_v6.2\app\Controllers\Admin\AdminBlogController.php(151): App\Libraries\ImagesManager::highlightImage(8, 8, 'article')
#7 C:\wamp64\www\lab2\021_nicolas_olagnon_v6.2\system\CodeIgniter.php(832): App\Controllers\Admin\AdminBlogController->edit()
#8 C:\wamp64\www\lab2\021_nicolas_olagnon_v6.2\system\CodeIgniter.php(419): CodeIgniter\CodeIgniter->runController(Object(App\Controllers\Admin\AdminBlogController))
#9 C:\wamp64\www\lab2\021_nicolas_olagnon_v6.2\system\CodeIgniter.php(326): CodeIgniter\CodeIgniter->handleRequest(NULL, Object(Config\Cache), false)
#10 C:\wamp64\www\lab2\021_nicolas_olagnon_v6.2\public\index.php(37): CodeIgniter\CodeIgniter->run()
#11 {main}
ERROR - 2022-03-14 14:45:16 --> Cannot add or update a child row: a foreign key constraint fails (`lab2_021_nicolas_olagnon_v6.2`.`articles`, CONSTRAINT `articles_images_FK` FOREIGN KEY (`image_highlight_id`) REFERENCES `images` (`id_image`) ON DELETE SET NULL)
CRITICAL - 2022-03-14 14:45:16 --> Cannot add or update a child row: a foreign key constraint fails (`lab2_021_nicolas_olagnon_v6.2`.`articles`, CONSTRAINT `articles_images_FK` FOREIGN KEY (`image_highlight_id`) REFERENCES `images` (`id_image`) ON DELETE SET NULL)
#0 C:\wamp64\www\lab2\021_nicolas_olagnon_v6.2\system\Database\MySQLi\Connection.php(292): mysqli->query('UPDATE `article...', 0)
#1 C:\wamp64\www\lab2\021_nicolas_olagnon_v6.2\system\Database\BaseConnection.php(670): CodeIgniter\Database\MySQLi\Connection->execute('UPDATE `article...')
#2 C:\wamp64\www\lab2\021_nicolas_olagnon_v6.2\system\Database\BaseConnection.php(598): CodeIgniter\Database\BaseConnection->simpleQuery('UPDATE `article...')
#3 C:\wamp64\www\lab2\021_nicolas_olagnon_v6.2\system\Database\BaseBuilder.php(1913): CodeIgniter\Database\BaseConnection->query('UPDATE `article...', Array, false)
#4 C:\wamp64\www\lab2\021_nicolas_olagnon_v6.2\app\Models\ArticlesModel.php(65): CodeIgniter\Database\BaseBuilder->update(Array)
#5 C:\wamp64\www\lab2\021_nicolas_olagnon_v6.2\app\Libraries\ImagesManager.php(28): App\Models\ArticlesModel->highlightImage(9, Array)
#6 C:\wamp64\www\lab2\021_nicolas_olagnon_v6.2\app\Controllers\Admin\AdminBlogController.php(153): App\Libraries\ImagesManager::highlightImage(9, 9, 'article')
#7 C:\wamp64\www\lab2\021_nicolas_olagnon_v6.2\system\CodeIgniter.php(832): App\Controllers\Admin\AdminBlogController->edit()
#8 C:\wamp64\www\lab2\021_nicolas_olagnon_v6.2\system\CodeIgniter.php(419): CodeIgniter\CodeIgniter->runController(Object(App\Controllers\Admin\AdminBlogController))
#9 C:\wamp64\www\lab2\021_nicolas_olagnon_v6.2\system\CodeIgniter.php(326): CodeIgniter\CodeIgniter->handleRequest(NULL, Object(Config\Cache), false)
#10 C:\wamp64\www\lab2\021_nicolas_olagnon_v6.2\public\index.php(37): CodeIgniter\CodeIgniter->run()
#11 {main}
CRITICAL - 2022-03-14 15:05:12 --> Undefined variable $lastInsertImageId
#0 C:\wamp64\www\lab2\021_nicolas_olagnon_v6.2\app\Libraries\ImagesManager.php(122): CodeIgniter\Debug\Exceptions->errorHandler(2, 'Undefined varia...', 'C:\\wamp64\\www\\l...', 122)
#1 C:\wamp64\www\lab2\021_nicolas_olagnon_v6.2\app\Controllers\Admin\AdminBlogController.php(151): App\Libraries\ImagesManager::manageFiles(Array, 10, 'article_id', 330, true)
#2 C:\wamp64\www\lab2\021_nicolas_olagnon_v6.2\system\CodeIgniter.php(832): App\Controllers\Admin\AdminBlogController->edit()
#3 C:\wamp64\www\lab2\021_nicolas_olagnon_v6.2\system\CodeIgniter.php(419): CodeIgniter\CodeIgniter->runController(Object(App\Controllers\Admin\AdminBlogController))
#4 C:\wamp64\www\lab2\021_nicolas_olagnon_v6.2\system\CodeIgniter.php(326): CodeIgniter\CodeIgniter->handleRequest(NULL, Object(Config\Cache), false)
#5 C:\wamp64\www\lab2\021_nicolas_olagnon_v6.2\public\index.php(37): CodeIgniter\CodeIgniter->run()
#6 {main}
CRITICAL - 2022-03-14 15:06:36 --> Undefined variable $lastInsertImageId
#0 C:\wamp64\www\lab2\021_nicolas_olagnon_v6.2\app\Libraries\ImagesManager.php(122): CodeIgniter\Debug\Exceptions->errorHandler(2, 'Undefined varia...', 'C:\\wamp64\\www\\l...', 122)
#1 C:\wamp64\www\lab2\021_nicolas_olagnon_v6.2\app\Controllers\Admin\AdminBlogController.php(151): App\Libraries\ImagesManager::manageFiles(Array, 11, 'article_id', 330, true)
#2 C:\wamp64\www\lab2\021_nicolas_olagnon_v6.2\system\CodeIgniter.php(832): App\Controllers\Admin\AdminBlogController->edit()
#3 C:\wamp64\www\lab2\021_nicolas_olagnon_v6.2\system\CodeIgniter.php(419): CodeIgniter\CodeIgniter->runController(Object(App\Controllers\Admin\AdminBlogController))
#4 C:\wamp64\www\lab2\021_nicolas_olagnon_v6.2\system\CodeIgniter.php(326): CodeIgniter\CodeIgniter->handleRequest(NULL, Object(Config\Cache), false)
#5 C:\wamp64\www\lab2\021_nicolas_olagnon_v6.2\public\index.php(37): CodeIgniter\CodeIgniter->run()
#6 {main}
CRITICAL - 2022-03-14 15:15:10 --> App\Libraries\ImagesManager::highlightImage(): Argument #2 ($idHighlight) must be of type int, null given, called in C:\wamp64\www\lab2\021_nicolas_olagnon_v6.2\app\Controllers\Admin\AdminBlogController.php on line 153
#0 C:\wamp64\www\lab2\021_nicolas_olagnon_v6.2\app\Controllers\Admin\AdminBlogController.php(153): App\Libraries\ImagesManager::highlightImage(12, NULL, 'article')
#1 C:\wamp64\www\lab2\021_nicolas_olagnon_v6.2\system\CodeIgniter.php(832): App\Controllers\Admin\AdminBlogController->edit()
#2 C:\wamp64\www\lab2\021_nicolas_olagnon_v6.2\system\CodeIgniter.php(419): CodeIgniter\CodeIgniter->runController(Object(App\Controllers\Admin\AdminBlogController))
#3 C:\wamp64\www\lab2\021_nicolas_olagnon_v6.2\system\CodeIgniter.php(326): CodeIgniter\CodeIgniter->handleRequest(NULL, Object(Config\Cache), false)
#4 C:\wamp64\www\lab2\021_nicolas_olagnon_v6.2\public\index.php(37): CodeIgniter\CodeIgniter->run()
#5 {main}
CRITICAL - 2022-03-14 15:17:32 --> App\Libraries\ImagesManager::highlightImage(): Argument #2 ($idHighlight) must be of type int, null given, called in C:\wamp64\www\lab2\021_nicolas_olagnon_v6.2\app\Controllers\Admin\AdminBlogController.php on line 153
#0 C:\wamp64\www\lab2\021_nicolas_olagnon_v6.2\app\Controllers\Admin\AdminBlogController.php(153): App\Libraries\ImagesManager::highlightImage(13, NULL, 'article')
#1 C:\wamp64\www\lab2\021_nicolas_olagnon_v6.2\system\CodeIgniter.php(832): App\Controllers\Admin\AdminBlogController->edit()
#2 C:\wamp64\www\lab2\021_nicolas_olagnon_v6.2\system\CodeIgniter.php(419): CodeIgniter\CodeIgniter->runController(Object(App\Controllers\Admin\AdminBlogController))
#3 C:\wamp64\www\lab2\021_nicolas_olagnon_v6.2\system\CodeIgniter.php(326): CodeIgniter\CodeIgniter->handleRequest(NULL, Object(Config\Cache), false)
#4 C:\wamp64\www\lab2\021_nicolas_olagnon_v6.2\public\index.php(37): CodeIgniter\CodeIgniter->run()
#5 {main}
CRITICAL - 2022-03-14 15:17:39 --> App\Libraries\ImagesManager::highlightImage(): Argument #2 ($idHighlight) must be of type int, null given, called in C:\wamp64\www\lab2\021_nicolas_olagnon_v6.2\app\Controllers\Admin\AdminBlogController.php on line 153
#0 C:\wamp64\www\lab2\021_nicolas_olagnon_v6.2\app\Controllers\Admin\AdminBlogController.php(153): App\Libraries\ImagesManager::highlightImage(14, NULL, 'article')
#1 C:\wamp64\www\lab2\021_nicolas_olagnon_v6.2\system\CodeIgniter.php(832): App\Controllers\Admin\AdminBlogController->edit()
#2 C:\wamp64\www\lab2\021_nicolas_olagnon_v6.2\system\CodeIgniter.php(419): CodeIgniter\CodeIgniter->runController(Object(App\Controllers\Admin\AdminBlogController))
#3 C:\wamp64\www\lab2\021_nicolas_olagnon_v6.2\system\CodeIgniter.php(326): CodeIgniter\CodeIgniter->handleRequest(NULL, Object(Config\Cache), false)
#4 C:\wamp64\www\lab2\021_nicolas_olagnon_v6.2\public\index.php(37): CodeIgniter\CodeIgniter->run()
#5 {main}
ERROR - 2022-03-14 15:21:54 --> Champ 'article_id' inconnu dans field list
CRITICAL - 2022-03-14 15:21:54 --> Champ 'article_id' inconnu dans field list
#0 C:\wamp64\www\lab2\021_nicolas_olagnon_v6.2\system\Database\MySQLi\Connection.php(292): mysqli->query('INSERT INTO `im...', 0)
#1 C:\wamp64\www\lab2\021_nicolas_olagnon_v6.2\system\Database\BaseConnection.php(670): CodeIgniter\Database\MySQLi\Connection->execute('INSERT INTO `im...')
#2 C:\wamp64\www\lab2\021_nicolas_olagnon_v6.2\system\Database\BaseConnection.php(598): CodeIgniter\Database\BaseConnection->simpleQuery('INSERT INTO `im...')
#3 C:\wamp64\www\lab2\021_nicolas_olagnon_v6.2\system\Database\BaseBuilder.php(1771): CodeIgniter\Database\BaseConnection->query('INSERT INTO `im...', Array, false)
#4 C:\wamp64\www\lab2\021_nicolas_olagnon_v6.2\app\Models\ImagesModel.php(75): CodeIgniter\Database\BaseBuilder->insert(Array)
#5 C:\wamp64\www\lab2\021_nicolas_olagnon_v6.2\app\Controllers\Admin\AdminBlogController.php(216): App\Models\ImagesModel->insertImage(Array)
#6 C:\wamp64\www\lab2\021_nicolas_olagnon_v6.2\app\Controllers\Admin\AdminBlogController.php(151): App\Controllers\Admin\AdminBlogController->manageFiles(Array, 17, 'article_id', 330, true)
#7 C:\wamp64\www\lab2\021_nicolas_olagnon_v6.2\system\CodeIgniter.php(832): App\Controllers\Admin\AdminBlogController->edit()
#8 C:\wamp64\www\lab2\021_nicolas_olagnon_v6.2\system\CodeIgniter.php(419): CodeIgniter\CodeIgniter->runController(Object(App\Controllers\Admin\AdminBlogController))
#9 C:\wamp64\www\lab2\021_nicolas_olagnon_v6.2\system\CodeIgniter.php(326): CodeIgniter\CodeIgniter->handleRequest(NULL, Object(Config\Cache), false)
#10 C:\wamp64\www\lab2\021_nicolas_olagnon_v6.2\public\index.php(37): CodeIgniter\CodeIgniter->run()
#11 {main}
CRITICAL - 2022-03-14 16:47:59 --> ini_set(): Session ini settings cannot be changed after headers have already been sent
#0 [internal function]: CodeIgniter\Debug\Exceptions->errorHandler(2, 'ini_set(): Sess...', 'C:\\wamp64\\www\\l...', 71)
#1 C:\wamp64\www\lab2\021_nicolas_olagnon_v6.2\system\Session\Handlers\FileHandler.php(71): ini_set('session.save_pa...', 'C:\\wamp64\\www\\l...')
#2 C:\wamp64\www\lab2\021_nicolas_olagnon_v6.2\system\Config\Services.php(570): CodeIgniter\Session\Handlers\FileHandler->__construct(Object(Config\App), '127.0.0.1')
#3 C:\wamp64\www\lab2\021_nicolas_olagnon_v6.2\system\Config\BaseService.php(248): CodeIgniter\Config\Services::session(Object(Config\App), false)
#4 C:\wamp64\www\lab2\021_nicolas_olagnon_v6.2\system\Config\BaseService.php(189): CodeIgniter\Config\BaseService::__callStatic('session', Array)
#5 C:\wamp64\www\lab2\021_nicolas_olagnon_v6.2\system\Config\Services.php(563): CodeIgniter\Config\BaseService::getSharedInstance('session', NULL)
#6 C:\wamp64\www\lab2\021_nicolas_olagnon_v6.2\system\Config\BaseService.php(248): CodeIgniter\Config\Services::session()
#7 C:\wamp64\www\lab2\021_nicolas_olagnon_v6.2\app\Filters\AuthAdminFilter.php(11): CodeIgniter\Config\BaseService::__callStatic('session', Array)
#8 C:\wamp64\www\lab2\021_nicolas_olagnon_v6.2\system\Filters\Filters.php(173): App\Filters\AuthAdminFilter->before(Object(CodeIgniter\HTTP\IncomingRequest), NULL)
#9 C:\wamp64\www\lab2\021_nicolas_olagnon_v6.2\system\CodeIgniter.php(393): CodeIgniter\Filters\Filters->run('admin/blog/edit...', 'before')
#10 C:\wamp64\www\lab2\021_nicolas_olagnon_v6.2\system\CodeIgniter.php(326): CodeIgniter\CodeIgniter->handleRequest(NULL, Object(Config\Cache), false)
#11 C:\wamp64\www\lab2\021_nicolas_olagnon_v6.2\public\index.php(37): CodeIgniter\CodeIgniter->run()
#12 {main}
CRITICAL - 2022-03-14 16:47:59 --> Uncaught ErrorException: Cannot modify header information - headers already sent by (output started at C:\wamp64\www\lab2\021_nicolas_olagnon_v6.2\app\Config\Events.php:32) in C:\wamp64\www\lab2\021_nicolas_olagnon_v6.2\system\Debug\Exceptions.php:112
Stack trace:
#0 [internal function]: CodeIgniter\Debug\Exceptions->errorHandler(2, 'Cannot modify h...', 'C:\\wamp64\\www\\l...', 112)
#1 C:\wamp64\www\lab2\021_nicolas_olagnon_v6.2\system\Debug\Exceptions.php(112): header('HTTP/1.1 500 In...', true, 500)
#2 [internal function]: CodeIgniter\Debug\Exceptions->exceptionHandler(Object(ErrorException))
#3 {main}
  thrown
#0 [internal function]: CodeIgniter\Debug\Exceptions->shutdownHandler()
#1 {main}
CRITICAL - 2022-03-14 17:24:52 --> Invalid file: includes/include_card_article.php
#0 C:\wamp64\www\lab2\021_nicolas_olagnon_v6.2\system\View\View.php(198): CodeIgniter\Exceptions\FrameworkException::forInvalidFile('includes/includ...')
#1 C:\wamp64\www\lab2\021_nicolas_olagnon_v6.2\system\View\View.php(424): CodeIgniter\View\View->render('includes/includ...', NULL, true)
#2 C:\wamp64\www\lab2\021_nicolas_olagnon_v6.2\app\Views\includes\include_home_section_4.php(25): CodeIgniter\View\View->include('includes/includ...')
#3 C:\wamp64\www\lab2\021_nicolas_olagnon_v6.2\system\View\View.php(210): include('C:\\wamp64\\www\\l...')
#4 C:\wamp64\www\lab2\021_nicolas_olagnon_v6.2\system\View\View.php(213): CodeIgniter\View\View->CodeIgniter\View\{closure}()
#5 C:\wamp64\www\lab2\021_nicolas_olagnon_v6.2\system\View\View.php(424): CodeIgniter\View\View->render('includes/includ...', NULL, true)
#6 C:\wamp64\www\lab2\021_nicolas_olagnon_v6.2\app\Views\home\home.php(19): CodeIgniter\View\View->include('includes/includ...')
#7 C:\wamp64\www\lab2\021_nicolas_olagnon_v6.2\system\View\View.php(210): include('C:\\wamp64\\www\\l...')
#8 C:\wamp64\www\lab2\021_nicolas_olagnon_v6.2\system\View\View.php(213): CodeIgniter\View\View->CodeIgniter\View\{closure}()
#9 C:\wamp64\www\lab2\021_nicolas_olagnon_v6.2\system\Common.php(1089): CodeIgniter\View\View->render('home/home', Array, true)
#10 C:\wamp64\www\lab2\021_nicolas_olagnon_v6.2\app\Controllers\HomeController.php(56): view('home/home', Array)
#11 C:\wamp64\www\lab2\021_nicolas_olagnon_v6.2\system\CodeIgniter.php(832): App\Controllers\HomeController->home()
#12 C:\wamp64\www\lab2\021_nicolas_olagnon_v6.2\system\CodeIgniter.php(419): CodeIgniter\CodeIgniter->runController(Object(App\Controllers\HomeController))
#13 C:\wamp64\www\lab2\021_nicolas_olagnon_v6.2\system\CodeIgniter.php(326): CodeIgniter\CodeIgniter->handleRequest(NULL, Object(Config\Cache), false)
#14 C:\wamp64\www\lab2\021_nicolas_olagnon_v6.2\public\index.php(37): CodeIgniter\CodeIgniter->run()
#15 {main}
CRITICAL - 2022-03-14 19:34:43 --> Undefined variable $article
#0 C:\wamp64\www\lab2\021_nicolas_olagnon_v6.2\app\Views\home\blogArticle.php(12): CodeIgniter\Debug\Exceptions->errorHandler(2, 'Undefined varia...', 'C:\\wamp64\\www\\l...', 12)
#1 C:\wamp64\www\lab2\021_nicolas_olagnon_v6.2\system\View\View.php(210): include('C:\\wamp64\\www\\l...')
#2 C:\wamp64\www\lab2\021_nicolas_olagnon_v6.2\system\View\View.php(213): CodeIgniter\View\View->CodeIgniter\View\{closure}()
#3 C:\wamp64\www\lab2\021_nicolas_olagnon_v6.2\system\Common.php(1089): CodeIgniter\View\View->render('home/blogArticl...', Array, true)
#4 C:\wamp64\www\lab2\021_nicolas_olagnon_v6.2\app\Controllers\HomeController.php(187): view('home/blogArticl...')
#5 C:\wamp64\www\lab2\021_nicolas_olagnon_v6.2\system\CodeIgniter.php(832): App\Controllers\HomeController->blogArticle('19')
#6 C:\wamp64\www\lab2\021_nicolas_olagnon_v6.2\system\CodeIgniter.php(419): CodeIgniter\CodeIgniter->runController(Object(App\Controllers\HomeController))
#7 C:\wamp64\www\lab2\021_nicolas_olagnon_v6.2\system\CodeIgniter.php(326): CodeIgniter\CodeIgniter->handleRequest(NULL, Object(Config\Cache), false)
#8 C:\wamp64\www\lab2\021_nicolas_olagnon_v6.2\public\index.php(37): CodeIgniter\CodeIgniter->run()
#9 {main}
CRITICAL - 2022-03-14 19:35:36 --> Undefined array key "auth_portfolio"
#0 C:\wamp64\www\lab2\021_nicolas_olagnon_v6.2\app\Views\includes\include_commentaires.php(115): CodeIgniter\Debug\Exceptions->errorHandler(2, 'Undefined array...', 'C:\\wamp64\\www\\l...', 115)
#1 C:\wamp64\www\lab2\021_nicolas_olagnon_v6.2\system\View\View.php(210): include('C:\\wamp64\\www\\l...')
#2 C:\wamp64\www\lab2\021_nicolas_olagnon_v6.2\system\View\View.php(213): CodeIgniter\View\View->CodeIgniter\View\{closure}()
#3 C:\wamp64\www\lab2\021_nicolas_olagnon_v6.2\system\View\View.php(424): CodeIgniter\View\View->render('includes/includ...', NULL, true)
#4 C:\wamp64\www\lab2\021_nicolas_olagnon_v6.2\app\Views\home\blogArticle.php(83): CodeIgniter\View\View->include('includes/includ...')
#5 C:\wamp64\www\lab2\021_nicolas_olagnon_v6.2\system\View\View.php(210): include('C:\\wamp64\\www\\l...')
#6 C:\wamp64\www\lab2\021_nicolas_olagnon_v6.2\system\View\View.php(213): CodeIgniter\View\View->CodeIgniter\View\{closure}()
#7 C:\wamp64\www\lab2\021_nicolas_olagnon_v6.2\system\Common.php(1089): CodeIgniter\View\View->render('home/blogArticl...', Array, true)
#8 C:\wamp64\www\lab2\021_nicolas_olagnon_v6.2\app\Controllers\HomeController.php(187): view('home/blogArticl...', Array)
#9 C:\wamp64\www\lab2\021_nicolas_olagnon_v6.2\system\CodeIgniter.php(832): App\Controllers\HomeController->blogArticle('19')
#10 C:\wamp64\www\lab2\021_nicolas_olagnon_v6.2\system\CodeIgniter.php(419): CodeIgniter\CodeIgniter->runController(Object(App\Controllers\HomeController))
#11 C:\wamp64\www\lab2\021_nicolas_olagnon_v6.2\system\CodeIgniter.php(326): CodeIgniter\CodeIgniter->handleRequest(NULL, Object(Config\Cache), false)
#12 C:\wamp64\www\lab2\021_nicolas_olagnon_v6.2\public\index.php(37): CodeIgniter\CodeIgniter->run()
#13 {main}
CRITICAL - 2022-03-14 19:36:16 --> Invalid file: templates/default_home.php
#0 C:\wamp64\www\lab2\021_nicolas_olagnon_v6.2\system\View\View.php(198): CodeIgniter\Exceptions\FrameworkException::forInvalidFile('templates/defau...')
#1 C:\wamp64\www\lab2\021_nicolas_olagnon_v6.2\system\View\View.php(226): CodeIgniter\View\View->render('templates/defau...', Array, true)
#2 C:\wamp64\www\lab2\021_nicolas_olagnon_v6.2\system\Common.php(1089): CodeIgniter\View\View->render('home/blogArticl...', Array, true)
#3 C:\wamp64\www\lab2\021_nicolas_olagnon_v6.2\app\Controllers\HomeController.php(187): view('home/blogArticl...', Array)
#4 C:\wamp64\www\lab2\021_nicolas_olagnon_v6.2\system\CodeIgniter.php(832): App\Controllers\HomeController->blogArticle('19')
#5 C:\wamp64\www\lab2\021_nicolas_olagnon_v6.2\system\CodeIgniter.php(419): CodeIgniter\CodeIgniter->runController(Object(App\Controllers\HomeController))
#6 C:\wamp64\www\lab2\021_nicolas_olagnon_v6.2\system\CodeIgniter.php(326): CodeIgniter\CodeIgniter->handleRequest(NULL, Object(Config\Cache), false)
#7 C:\wamp64\www\lab2\021_nicolas_olagnon_v6.2\public\index.php(37): CodeIgniter\CodeIgniter->run()
#8 {main}
CRITICAL - 2022-03-14 19:42:42 --> Undefined array key "description_subtitle"
#0 C:\wamp64\www\lab2\021_nicolas_olagnon_v6.2\app\Views\home\blogArticle.php(19): CodeIgniter\Debug\Exceptions->errorHandler(2, 'Undefined array...', 'C:\\wamp64\\www\\l...', 19)
#1 C:\wamp64\www\lab2\021_nicolas_olagnon_v6.2\system\View\View.php(210): include('C:\\wamp64\\www\\l...')
#2 C:\wamp64\www\lab2\021_nicolas_olagnon_v6.2\system\View\View.php(213): CodeIgniter\View\View->CodeIgniter\View\{closure}()
#3 C:\wamp64\www\lab2\021_nicolas_olagnon_v6.2\system\Common.php(1089): CodeIgniter\View\View->render('home/blogArticl...', Array, true)
#4 C:\wamp64\www\lab2\021_nicolas_olagnon_v6.2\app\Controllers\HomeController.php(187): view('home/blogArticl...', Array)
#5 C:\wamp64\www\lab2\021_nicolas_olagnon_v6.2\system\CodeIgniter.php(832): App\Controllers\HomeController->blogArticle('24')
#6 C:\wamp64\www\lab2\021_nicolas_olagnon_v6.2\system\CodeIgniter.php(419): CodeIgniter\CodeIgniter->runController(Object(App\Controllers\HomeController))
#7 C:\wamp64\www\lab2\021_nicolas_olagnon_v6.2\system\CodeIgniter.php(326): CodeIgniter\CodeIgniter->handleRequest(NULL, Object(Config\Cache), false)
#8 C:\wamp64\www\lab2\021_nicolas_olagnon_v6.2\public\index.php(37): CodeIgniter\CodeIgniter->run()
#9 {main}
CRITICAL - 2022-03-14 21:00:21 --> syntax error, unexpected token "if", expecting ":"
#0 C:\wamp64\www\lab2\021_nicolas_olagnon_v6.2\system\View\View.php(213): CodeIgniter\View\View->CodeIgniter\View\{closure}()
#1 C:\wamp64\www\lab2\021_nicolas_olagnon_v6.2\system\Common.php(1089): CodeIgniter\View\View->render('root/index', Array, true)
#2 C:\wamp64\www\lab2\021_nicolas_olagnon_v6.2\app\Controllers\RootController.php(36): view('root/index')
#3 C:\wamp64\www\lab2\021_nicolas_olagnon_v6.2\system\CodeIgniter.php(832): App\Controllers\RootController->index()
#4 C:\wamp64\www\lab2\021_nicolas_olagnon_v6.2\system\CodeIgniter.php(419): CodeIgniter\CodeIgniter->runController(Object(App\Controllers\RootController))
#5 C:\wamp64\www\lab2\021_nicolas_olagnon_v6.2\system\CodeIgniter.php(326): CodeIgniter\CodeIgniter->handleRequest(NULL, Object(Config\Cache), false)
#6 C:\wamp64\www\lab2\021_nicolas_olagnon_v6.2\public\index.php(37): CodeIgniter\CodeIgniter->run()
#7 {main}
CRITICAL - 2022-03-14 23:34:50 --> mysqli_result::fetch_object(): Argument #1 ($class) must be a valid class name, Users given
#0 C:\wamp64\www\lab2\021_nicolas_olagnon_v6.2\system\Database\MySQLi\Result.php(148): mysqli_result->fetch_object('Users')
#1 C:\wamp64\www\lab2\021_nicolas_olagnon_v6.2\system\Database\BaseResult.php(149): CodeIgniter\Database\MySQLi\Result->fetchObject('Users')
#2 C:\wamp64\www\lab2\021_nicolas_olagnon_v6.2\system\Database\BaseResult.php(286): CodeIgniter\Database\BaseResult->getCustomResultObject('Users')
#3 C:\wamp64\www\lab2\021_nicolas_olagnon_v6.2\system\Database\BaseResult.php(273): CodeIgniter\Database\BaseResult->getCustomRowObject(0, 'Users')
#4 C:\wamp64\www\lab2\021_nicolas_olagnon_v6.2\app\Models\UsersModel.php(53): CodeIgniter\Database\BaseResult->getRow(0, 'Users')
#5 C:\wamp64\www\lab2\021_nicolas_olagnon_v6.2\app\Libraries\Authentication.php(50): App\Models\UsersModel->getUserConfirmedFromEmail('jeandupont@gmai...')
#6 C:\wamp64\www\lab2\021_nicolas_olagnon_v6.2\app\Controllers\LoginController.php(30): App\Libraries\Authentication->login('jeandupont@gmai...', 'wxcvbn', 'on')
#7 C:\wamp64\www\lab2\021_nicolas_olagnon_v6.2\system\CodeIgniter.php(832): App\Controllers\LoginController->login()
#8 C:\wamp64\www\lab2\021_nicolas_olagnon_v6.2\system\CodeIgniter.php(419): CodeIgniter\CodeIgniter->runController(Object(App\Controllers\LoginController))
#9 C:\wamp64\www\lab2\021_nicolas_olagnon_v6.2\system\CodeIgniter.php(326): CodeIgniter\CodeIgniter->handleRequest(NULL, Object(Config\Cache), false)
#10 C:\wamp64\www\lab2\021_nicolas_olagnon_v6.2\public\index.php(37): CodeIgniter\CodeIgniter->run()
#11 {main}
