CRITICAL - 2022-03-15 00:45:12 --> Undefined variable $listeTitreCategoriePortfolio
#0 C:\wamp64\www\lab2\021_nicolas_olagnon_v6.2\app\Controllers\Admin\AdminPortfolioController.php(210): CodeIgniter\Debug\Exceptions->errorHandler(2, 'Undefined varia...', 'C:\\wamp64\\www\\l...', 210)
#1 C:\wamp64\www\lab2\021_nicolas_olagnon_v6.2\system\CodeIgniter.php(832): App\Controllers\Admin\AdminPortfolioController->edit()
#2 C:\wamp64\www\lab2\021_nicolas_olagnon_v6.2\system\CodeIgniter.php(419): CodeIgniter\CodeIgniter->runController(Object(App\Controllers\Admin\AdminPortfolioController))
#3 C:\wamp64\www\lab2\021_nicolas_olagnon_v6.2\system\CodeIgniter.php(326): CodeIgniter\CodeIgniter->handleRequest(NULL, Object(Config\Cache), false)
#4 C:\wamp64\www\lab2\021_nicolas_olagnon_v6.2\public\index.php(37): CodeIgniter\CodeIgniter->run()
#5 {main}
ERROR - 2022-03-15 01:11:28 --> Cannot add or update a child row: a foreign key constraint fails (`lab2_021_nicolas_olagnon_v6.2`.`articles`, CONSTRAINT `articles_categories_FK` FOREIGN KEY (`categories_articles_id`) REFERENCES `categories_articles` (`id_categorie_article`) ON DELETE SET N)
CRITICAL - 2022-03-15 01:11:28 --> Cannot add or update a child row: a foreign key constraint fails (`lab2_021_nicolas_olagnon_v6.2`.`articles`, CONSTRAINT `articles_categories_FK` FOREIGN KEY (`categories_articles_id`) REFERENCES `categories_articles` (`id_categorie_article`) ON DELETE SET N)
#0 C:\wamp64\www\lab2\021_nicolas_olagnon_v6.2\system\Database\MySQLi\Connection.php(292): mysqli->query('INSERT INTO `ar...', 0)
#1 C:\wamp64\www\lab2\021_nicolas_olagnon_v6.2\system\Database\BaseConnection.php(670): CodeIgniter\Database\MySQLi\Connection->execute('INSERT INTO `ar...')
#2 C:\wamp64\www\lab2\021_nicolas_olagnon_v6.2\system\Database\BaseConnection.php(598): CodeIgniter\Database\BaseConnection->simpleQuery('INSERT INTO `ar...')
#3 C:\wamp64\www\lab2\021_nicolas_olagnon_v6.2\system\Database\BaseBuilder.php(1771): CodeIgniter\Database\BaseConnection->query('INSERT INTO `ar...', Array, false)
#4 C:\wamp64\www\lab2\021_nicolas_olagnon_v6.2\app\Models\ArticlesModel.php(81): CodeIgniter\Database\BaseBuilder->insert(Array)
#5 C:\wamp64\www\lab2\021_nicolas_olagnon_v6.2\app\Controllers\Admin\AdminBlogController.php(154): App\Models\ArticlesModel->insertArticle(Array)
#6 C:\wamp64\www\lab2\021_nicolas_olagnon_v6.2\system\CodeIgniter.php(832): App\Controllers\Admin\AdminBlogController->edit()
#7 C:\wamp64\www\lab2\021_nicolas_olagnon_v6.2\system\CodeIgniter.php(419): CodeIgniter\CodeIgniter->runController(Object(App\Controllers\Admin\AdminBlogController))
#8 C:\wamp64\www\lab2\021_nicolas_olagnon_v6.2\system\CodeIgniter.php(326): CodeIgniter\CodeIgniter->handleRequest(NULL, Object(Config\Cache), false)
#9 C:\wamp64\www\lab2\021_nicolas_olagnon_v6.2\public\index.php(37): CodeIgniter\CodeIgniter->run()
#10 {main}
CRITICAL - 2022-03-15 10:02:33 --> Undefined variable $listeTitreCategorieArticles
#0 C:\wamp64\www\lab2\021_nicolas_olagnon_v6.2\app\Views\admin\blog\edit.php(63): CodeIgniter\Debug\Exceptions->errorHandler(2, 'Undefined varia...', 'C:\\wamp64\\www\\l...', 63)
#1 C:\wamp64\www\lab2\021_nicolas_olagnon_v6.2\system\View\View.php(210): include('C:\\wamp64\\www\\l...')
#2 C:\wamp64\www\lab2\021_nicolas_olagnon_v6.2\system\View\View.php(213): CodeIgniter\View\View->CodeIgniter\View\{closure}()
#3 C:\wamp64\www\lab2\021_nicolas_olagnon_v6.2\system\Common.php(1089): CodeIgniter\View\View->render('admin/blog/edit', Array, true)
#4 C:\wamp64\www\lab2\021_nicolas_olagnon_v6.2\app\Controllers\Admin\AdminBlogController.php(188): view('admin/blog/edit', Array)
#5 C:\wamp64\www\lab2\021_nicolas_olagnon_v6.2\system\CodeIgniter.php(832): App\Controllers\Admin\AdminBlogController->edit()
#6 C:\wamp64\www\lab2\021_nicolas_olagnon_v6.2\system\CodeIgniter.php(419): CodeIgniter\CodeIgniter->runController(Object(App\Controllers\Admin\AdminBlogController))
#7 C:\wamp64\www\lab2\021_nicolas_olagnon_v6.2\system\CodeIgniter.php(326): CodeIgniter\CodeIgniter->handleRequest(NULL, Object(Config\Cache), false)
#8 C:\wamp64\www\lab2\021_nicolas_olagnon_v6.2\public\index.php(37): CodeIgniter\CodeIgniter->run()
#9 {main}
CRITICAL - 2022-03-15 10:07:22 --> Undefined variable $listeTitreCategorieArticles
#0 C:\wamp64\www\lab2\021_nicolas_olagnon_v6.2\app\Views\admin\blog\edit.php(63): CodeIgniter\Debug\Exceptions->errorHandler(2, 'Undefined varia...', 'C:\\wamp64\\www\\l...', 63)
#1 C:\wamp64\www\lab2\021_nicolas_olagnon_v6.2\system\View\View.php(210): include('C:\\wamp64\\www\\l...')
#2 C:\wamp64\www\lab2\021_nicolas_olagnon_v6.2\system\View\View.php(213): CodeIgniter\View\View->CodeIgniter\View\{closure}()
#3 C:\wamp64\www\lab2\021_nicolas_olagnon_v6.2\system\Common.php(1089): CodeIgniter\View\View->render('admin/blog/edit', Array, true)
#4 C:\wamp64\www\lab2\021_nicolas_olagnon_v6.2\app\Controllers\Admin\AdminBlogController.php(188): view('admin/blog/edit', Array)
#5 C:\wamp64\www\lab2\021_nicolas_olagnon_v6.2\system\CodeIgniter.php(832): App\Controllers\Admin\AdminBlogController->edit()
#6 C:\wamp64\www\lab2\021_nicolas_olagnon_v6.2\system\CodeIgniter.php(419): CodeIgniter\CodeIgniter->runController(Object(App\Controllers\Admin\AdminBlogController))
#7 C:\wamp64\www\lab2\021_nicolas_olagnon_v6.2\system\CodeIgniter.php(326): CodeIgniter\CodeIgniter->handleRequest(NULL, Object(Config\Cache), false)
#8 C:\wamp64\www\lab2\021_nicolas_olagnon_v6.2\public\index.php(37): CodeIgniter\CodeIgniter->run()
#9 {main}
ERROR - 2022-03-15 10:22:07 --> Cannot add or update a child row: a foreign key constraint fails (`lab2_021_nicolas_olagnon_v6.2`.`articles`, CONSTRAINT `articles_categories_FK` FOREIGN KEY (`categories_articles_id`) REFERENCES `categories_articles` (`id_categorie_article`) ON DELETE SET N)
CRITICAL - 2022-03-15 10:22:07 --> Cannot add or update a child row: a foreign key constraint fails (`lab2_021_nicolas_olagnon_v6.2`.`articles`, CONSTRAINT `articles_categories_FK` FOREIGN KEY (`categories_articles_id`) REFERENCES `categories_articles` (`id_categorie_article`) ON DELETE SET N)
#0 C:\wamp64\www\lab2\021_nicolas_olagnon_v6.2\system\Database\MySQLi\Connection.php(292): mysqli->query('INSERT INTO `ar...', 0)
#1 C:\wamp64\www\lab2\021_nicolas_olagnon_v6.2\system\Database\BaseConnection.php(670): CodeIgniter\Database\MySQLi\Connection->execute('INSERT INTO `ar...')
#2 C:\wamp64\www\lab2\021_nicolas_olagnon_v6.2\system\Database\BaseConnection.php(598): CodeIgniter\Database\BaseConnection->simpleQuery('INSERT INTO `ar...')
#3 C:\wamp64\www\lab2\021_nicolas_olagnon_v6.2\system\Database\BaseBuilder.php(1771): CodeIgniter\Database\BaseConnection->query('INSERT INTO `ar...', Array, false)
#4 C:\wamp64\www\lab2\021_nicolas_olagnon_v6.2\app\Models\ArticlesModel.php(81): CodeIgniter\Database\BaseBuilder->insert(Array)
#5 C:\wamp64\www\lab2\021_nicolas_olagnon_v6.2\app\Controllers\Admin\AdminBlogController.php(161): App\Models\ArticlesModel->insertArticle(Array)
#6 C:\wamp64\www\lab2\021_nicolas_olagnon_v6.2\system\CodeIgniter.php(832): App\Controllers\Admin\AdminBlogController->edit()
#7 C:\wamp64\www\lab2\021_nicolas_olagnon_v6.2\system\CodeIgniter.php(419): CodeIgniter\CodeIgniter->runController(Object(App\Controllers\Admin\AdminBlogController))
#8 C:\wamp64\www\lab2\021_nicolas_olagnon_v6.2\system\CodeIgniter.php(326): CodeIgniter\CodeIgniter->handleRequest(NULL, Object(Config\Cache), false)
#9 C:\wamp64\www\lab2\021_nicolas_olagnon_v6.2\public\index.php(37): CodeIgniter\CodeIgniter->run()
#10 {main}
CRITICAL - 2022-03-15 11:22:37 --> Call to a member function setFlashdata() on null
#0 C:\wamp64\www\lab2\021_nicolas_olagnon_v6.2\app\Controllers\HomeController.php(103): App\Controllers\HomeController->postCommentaire('1', NULL)
#1 C:\wamp64\www\lab2\021_nicolas_olagnon_v6.2\system\CodeIgniter.php(832): App\Controllers\HomeController->portfolioItem('1')
#2 C:\wamp64\www\lab2\021_nicolas_olagnon_v6.2\system\CodeIgniter.php(419): CodeIgniter\CodeIgniter->runController(Object(App\Controllers\HomeController))
#3 C:\wamp64\www\lab2\021_nicolas_olagnon_v6.2\system\CodeIgniter.php(326): CodeIgniter\CodeIgniter->handleRequest(NULL, Object(Config\Cache), false)
#4 C:\wamp64\www\lab2\021_nicolas_olagnon_v6.2\public\index.php(37): CodeIgniter\CodeIgniter->run()
#5 {main}
CRITICAL - 2022-03-15 11:33:50 --> Undefined array key "auth_portfolio"
#0 C:\wamp64\www\lab2\021_nicolas_olagnon_v6.2\app\Controllers\HomeController.php(208): CodeIgniter\Debug\Exceptions->errorHandler(2, 'Undefined array...', 'C:\\wamp64\\www\\l...', 208)
#1 C:\wamp64\www\lab2\021_nicolas_olagnon_v6.2\app\Controllers\HomeController.php(104): App\Controllers\HomeController->postCommentaire('1', NULL)
#2 C:\wamp64\www\lab2\021_nicolas_olagnon_v6.2\system\CodeIgniter.php(832): App\Controllers\HomeController->portfolioItem('1')
#3 C:\wamp64\www\lab2\021_nicolas_olagnon_v6.2\system\CodeIgniter.php(419): CodeIgniter\CodeIgniter->runController(Object(App\Controllers\HomeController))
#4 C:\wamp64\www\lab2\021_nicolas_olagnon_v6.2\system\CodeIgniter.php(326): CodeIgniter\CodeIgniter->handleRequest(NULL, Object(Config\Cache), false)
#5 C:\wamp64\www\lab2\021_nicolas_olagnon_v6.2\public\index.php(37): CodeIgniter\CodeIgniter->run()
#6 {main}
ERROR - 2022-03-15 11:35:04 --> Champ 'auteur_login' inconnu dans field list
CRITICAL - 2022-03-15 11:35:04 --> Champ 'auteur_login' inconnu dans field list
#0 C:\wamp64\www\lab2\021_nicolas_olagnon_v6.2\system\Database\MySQLi\Connection.php(292): mysqli->query('INSERT INTO `im...', 0)
#1 C:\wamp64\www\lab2\021_nicolas_olagnon_v6.2\system\Database\BaseConnection.php(670): CodeIgniter\Database\MySQLi\Connection->execute('INSERT INTO `im...')
#2 C:\wamp64\www\lab2\021_nicolas_olagnon_v6.2\system\Database\BaseConnection.php(598): CodeIgniter\Database\BaseConnection->simpleQuery('INSERT INTO `im...')
#3 C:\wamp64\www\lab2\021_nicolas_olagnon_v6.2\system\Database\BaseBuilder.php(1771): CodeIgniter\Database\BaseConnection->query('INSERT INTO `im...', Array, false)
#4 C:\wamp64\www\lab2\021_nicolas_olagnon_v6.2\system\Model.php(239): CodeIgniter\Database\BaseBuilder->insert()
#5 C:\wamp64\www\lab2\021_nicolas_olagnon_v6.2\system\BaseModel.php(738): CodeIgniter\Model->doInsert(Array)
#6 C:\wamp64\www\lab2\021_nicolas_olagnon_v6.2\system\Model.php(625): CodeIgniter\BaseModel->insert(Array, true)
#7 C:\wamp64\www\lab2\021_nicolas_olagnon_v6.2\app\Controllers\HomeController.php(213): CodeIgniter\Model->insert(Array)
#8 C:\wamp64\www\lab2\021_nicolas_olagnon_v6.2\app\Controllers\HomeController.php(104): App\Controllers\HomeController->postCommentaire('1', NULL)
#9 C:\wamp64\www\lab2\021_nicolas_olagnon_v6.2\system\CodeIgniter.php(832): App\Controllers\HomeController->portfolioItem('1')
#10 C:\wamp64\www\lab2\021_nicolas_olagnon_v6.2\system\CodeIgniter.php(419): CodeIgniter\CodeIgniter->runController(Object(App\Controllers\HomeController))
#11 C:\wamp64\www\lab2\021_nicolas_olagnon_v6.2\system\CodeIgniter.php(326): CodeIgniter\CodeIgniter->handleRequest(NULL, Object(Config\Cache), false)
#12 C:\wamp64\www\lab2\021_nicolas_olagnon_v6.2\public\index.php(37): CodeIgniter\CodeIgniter->run()
#13 {main}
ERROR - 2022-03-15 11:37:12 --> Champ 'auteur_login' inconnu dans field list
CRITICAL - 2022-03-15 11:37:12 --> Champ 'auteur_login' inconnu dans field list
#0 C:\wamp64\www\lab2\021_nicolas_olagnon_v6.2\system\Database\MySQLi\Connection.php(292): mysqli->query('INSERT INTO `im...', 0)
#1 C:\wamp64\www\lab2\021_nicolas_olagnon_v6.2\system\Database\BaseConnection.php(670): CodeIgniter\Database\MySQLi\Connection->execute('INSERT INTO `im...')
#2 C:\wamp64\www\lab2\021_nicolas_olagnon_v6.2\system\Database\BaseConnection.php(598): CodeIgniter\Database\BaseConnection->simpleQuery('INSERT INTO `im...')
#3 C:\wamp64\www\lab2\021_nicolas_olagnon_v6.2\system\Database\BaseBuilder.php(1771): CodeIgniter\Database\BaseConnection->query('INSERT INTO `im...', Array, false)
#4 C:\wamp64\www\lab2\021_nicolas_olagnon_v6.2\system\Model.php(239): CodeIgniter\Database\BaseBuilder->insert()
#5 C:\wamp64\www\lab2\021_nicolas_olagnon_v6.2\system\BaseModel.php(738): CodeIgniter\Model->doInsert(Array)
#6 C:\wamp64\www\lab2\021_nicolas_olagnon_v6.2\system\Model.php(625): CodeIgniter\BaseModel->insert(Array, true)
#7 C:\wamp64\www\lab2\021_nicolas_olagnon_v6.2\app\Controllers\HomeController.php(213): CodeIgniter\Model->insert(Array)
#8 C:\wamp64\www\lab2\021_nicolas_olagnon_v6.2\app\Controllers\HomeController.php(104): App\Controllers\HomeController->postCommentaire('1', NULL)
#9 C:\wamp64\www\lab2\021_nicolas_olagnon_v6.2\system\CodeIgniter.php(832): App\Controllers\HomeController->portfolioItem('1')
#10 C:\wamp64\www\lab2\021_nicolas_olagnon_v6.2\system\CodeIgniter.php(419): CodeIgniter\CodeIgniter->runController(Object(App\Controllers\HomeController))
#11 C:\wamp64\www\lab2\021_nicolas_olagnon_v6.2\system\CodeIgniter.php(326): CodeIgniter\CodeIgniter->handleRequest(NULL, Object(Config\Cache), false)
#12 C:\wamp64\www\lab2\021_nicolas_olagnon_v6.2\public\index.php(37): CodeIgniter\CodeIgniter->run()
#13 {main}
ERROR - 2022-03-15 11:38:43 --> Champ 'auteur_login' inconnu dans field list
CRITICAL - 2022-03-15 11:38:43 --> Champ 'auteur_login' inconnu dans field list
#0 C:\wamp64\www\lab2\021_nicolas_olagnon_v6.2\system\Database\MySQLi\Connection.php(292): mysqli->query('INSERT INTO `im...', 0)
#1 C:\wamp64\www\lab2\021_nicolas_olagnon_v6.2\system\Database\BaseConnection.php(670): CodeIgniter\Database\MySQLi\Connection->execute('INSERT INTO `im...')
#2 C:\wamp64\www\lab2\021_nicolas_olagnon_v6.2\system\Database\BaseConnection.php(598): CodeIgniter\Database\BaseConnection->simpleQuery('INSERT INTO `im...')
#3 C:\wamp64\www\lab2\021_nicolas_olagnon_v6.2\system\Database\BaseBuilder.php(1771): CodeIgniter\Database\BaseConnection->query('INSERT INTO `im...', Array, false)
#4 C:\wamp64\www\lab2\021_nicolas_olagnon_v6.2\system\Model.php(239): CodeIgniter\Database\BaseBuilder->insert()
#5 C:\wamp64\www\lab2\021_nicolas_olagnon_v6.2\system\BaseModel.php(738): CodeIgniter\Model->doInsert(Array)
#6 C:\wamp64\www\lab2\021_nicolas_olagnon_v6.2\system\Model.php(625): CodeIgniter\BaseModel->insert(Array, true)
#7 C:\wamp64\www\lab2\021_nicolas_olagnon_v6.2\app\Controllers\HomeController.php(213): CodeIgniter\Model->insert(Array)
#8 C:\wamp64\www\lab2\021_nicolas_olagnon_v6.2\app\Controllers\HomeController.php(104): App\Controllers\HomeController->postCommentaire('1', NULL)
#9 C:\wamp64\www\lab2\021_nicolas_olagnon_v6.2\system\CodeIgniter.php(832): App\Controllers\HomeController->portfolioItem('1')
#10 C:\wamp64\www\lab2\021_nicolas_olagnon_v6.2\system\CodeIgniter.php(419): CodeIgniter\CodeIgniter->runController(Object(App\Controllers\HomeController))
#11 C:\wamp64\www\lab2\021_nicolas_olagnon_v6.2\system\CodeIgniter.php(326): CodeIgniter\CodeIgniter->handleRequest(NULL, Object(Config\Cache), false)
#12 C:\wamp64\www\lab2\021_nicolas_olagnon_v6.2\public\index.php(37): CodeIgniter\CodeIgniter->run()
#13 {main}
CRITICAL - 2022-03-15 12:44:52 --> Undefined property: CodeIgniter\HTTP\URI::$getQuery
#0 C:\wamp64\www\lab2\021_nicolas_olagnon_v6.2\app\Controllers\LoginController.php(54): CodeIgniter\Debug\Exceptions->errorHandler(2, 'Undefined prope...', 'C:\\wamp64\\www\\l...', 54)
#1 C:\wamp64\www\lab2\021_nicolas_olagnon_v6.2\system\CodeIgniter.php(832): App\Controllers\LoginController->logout()
#2 C:\wamp64\www\lab2\021_nicolas_olagnon_v6.2\system\CodeIgniter.php(419): CodeIgniter\CodeIgniter->runController(Object(App\Controllers\LoginController))
#3 C:\wamp64\www\lab2\021_nicolas_olagnon_v6.2\system\CodeIgniter.php(326): CodeIgniter\CodeIgniter->handleRequest(NULL, Object(Config\Cache), false)
#4 C:\wamp64\www\lab2\021_nicolas_olagnon_v6.2\public\index.php(37): CodeIgniter\CodeIgniter->run()
#5 {main}
CRITICAL - 2022-03-15 13:11:56 --> Attempt to read property "role" on null
#0 C:\wamp64\www\lab2\021_nicolas_olagnon_v6.2\app\Filters\AuthAdminFilter.php(13): CodeIgniter\Debug\Exceptions->errorHandler(2, 'Attempt to read...', 'C:\\wamp64\\www\\l...', 13)
#1 C:\wamp64\www\lab2\021_nicolas_olagnon_v6.2\system\Filters\Filters.php(173): App\Filters\AuthAdminFilter->before(Object(CodeIgniter\HTTP\IncomingRequest), NULL)
#2 C:\wamp64\www\lab2\021_nicolas_olagnon_v6.2\system\CodeIgniter.php(393): CodeIgniter\Filters\Filters->run('admin', 'before')
#3 C:\wamp64\www\lab2\021_nicolas_olagnon_v6.2\system\CodeIgniter.php(326): CodeIgniter\CodeIgniter->handleRequest(NULL, Object(Config\Cache), false)
#4 C:\wamp64\www\lab2\021_nicolas_olagnon_v6.2\public\index.php(37): CodeIgniter\CodeIgniter->run()
#5 {main}
CRITICAL - 2022-03-15 14:45:01 --> syntax error, unexpected end of file, expecting "elseif" or "else" or "endif"
#0 C:\wamp64\www\lab2\021_nicolas_olagnon_v6.2\system\View\View.php(213): CodeIgniter\View\View->CodeIgniter\View\{closure}()
#1 C:\wamp64\www\lab2\021_nicolas_olagnon_v6.2\system\Common.php(1089): CodeIgniter\View\View->render('home/contact', Array, true)
#2 C:\wamp64\www\lab2\021_nicolas_olagnon_v6.2\app\Controllers\HomeController.php(105): view('home/contact')
#3 C:\wamp64\www\lab2\021_nicolas_olagnon_v6.2\system\CodeIgniter.php(832): App\Controllers\HomeController->contact()
#4 C:\wamp64\www\lab2\021_nicolas_olagnon_v6.2\system\CodeIgniter.php(419): CodeIgniter\CodeIgniter->runController(Object(App\Controllers\HomeController))
#5 C:\wamp64\www\lab2\021_nicolas_olagnon_v6.2\system\CodeIgniter.php(326): CodeIgniter\CodeIgniter->handleRequest(NULL, Object(Config\Cache), false)
#6 C:\wamp64\www\lab2\021_nicolas_olagnon_v6.2\public\index.php(37): CodeIgniter\CodeIgniter->run()
#7 {main}
CRITICAL - 2022-03-15 14:45:30 --> Undefined array key "auth_portfolio"
#0 C:\wamp64\www\lab2\021_nicolas_olagnon_v6.2\app\Views\home\contact.php(63): CodeIgniter\Debug\Exceptions->errorHandler(2, 'Undefined array...', 'C:\\wamp64\\www\\l...', 63)
#1 C:\wamp64\www\lab2\021_nicolas_olagnon_v6.2\system\View\View.php(210): include('C:\\wamp64\\www\\l...')
#2 C:\wamp64\www\lab2\021_nicolas_olagnon_v6.2\system\View\View.php(213): CodeIgniter\View\View->CodeIgniter\View\{closure}()
#3 C:\wamp64\www\lab2\021_nicolas_olagnon_v6.2\system\Common.php(1089): CodeIgniter\View\View->render('home/contact', Array, true)
#4 C:\wamp64\www\lab2\021_nicolas_olagnon_v6.2\app\Controllers\HomeController.php(105): view('home/contact')
#5 C:\wamp64\www\lab2\021_nicolas_olagnon_v6.2\system\CodeIgniter.php(832): App\Controllers\HomeController->contact()
#6 C:\wamp64\www\lab2\021_nicolas_olagnon_v6.2\system\CodeIgniter.php(419): CodeIgniter\CodeIgniter->runController(Object(App\Controllers\HomeController))
#7 C:\wamp64\www\lab2\021_nicolas_olagnon_v6.2\system\CodeIgniter.php(326): CodeIgniter\CodeIgniter->handleRequest(NULL, Object(Config\Cache), false)
#8 C:\wamp64\www\lab2\021_nicolas_olagnon_v6.2\public\index.php(37): CodeIgniter\CodeIgniter->run()
#9 {main}
CRITICAL - 2022-03-15 16:41:30 --> count(): Argument #1 ($value) must be of type Countable|array, null given
#0 C:\wamp64\www\lab2\021_nicolas_olagnon_v6.2\system\View\View.php(210): include()
#1 C:\wamp64\www\lab2\021_nicolas_olagnon_v6.2\system\View\View.php(213): CodeIgniter\View\View->CodeIgniter\View\{closure}()
#2 C:\wamp64\www\lab2\021_nicolas_olagnon_v6.2\system\View\View.php(424): CodeIgniter\View\View->render('includes/includ...', NULL, true)
#3 C:\wamp64\www\lab2\021_nicolas_olagnon_v6.2\app\Views\home\home.php(15): CodeIgniter\View\View->include('includes/includ...')
#4 C:\wamp64\www\lab2\021_nicolas_olagnon_v6.2\system\View\View.php(210): include('C:\\wamp64\\www\\l...')
#5 C:\wamp64\www\lab2\021_nicolas_olagnon_v6.2\system\View\View.php(213): CodeIgniter\View\View->CodeIgniter\View\{closure}()
#6 C:\wamp64\www\lab2\021_nicolas_olagnon_v6.2\system\Common.php(1089): CodeIgniter\View\View->render('home/home', Array, true)
#7 C:\wamp64\www\lab2\021_nicolas_olagnon_v6.2\app\Controllers\HomeController.php(63): view('home/home', Array)
#8 C:\wamp64\www\lab2\021_nicolas_olagnon_v6.2\system\CodeIgniter.php(832): App\Controllers\HomeController->home()
#9 C:\wamp64\www\lab2\021_nicolas_olagnon_v6.2\system\CodeIgniter.php(419): CodeIgniter\CodeIgniter->runController(Object(App\Controllers\HomeController))
#10 C:\wamp64\www\lab2\021_nicolas_olagnon_v6.2\system\CodeIgniter.php(326): CodeIgniter\CodeIgniter->handleRequest(NULL, Object(Config\Cache), false)
#11 C:\wamp64\www\lab2\021_nicolas_olagnon_v6.2\public\index.php(37): CodeIgniter\CodeIgniter->run()
#12 {main}
CRITICAL - 2022-03-15 18:40:03 --> Undefined variable $compteur1
#0 C:\wamp64\www\lab2\021_nicolas_olagnon_v6.2\app\Views\home\portfolio_id.php(53): CodeIgniter\Debug\Exceptions->errorHandler(2, 'Undefined varia...', 'C:\\wamp64\\www\\l...', 53)
#1 C:\wamp64\www\lab2\021_nicolas_olagnon_v6.2\system\View\View.php(210): include('C:\\wamp64\\www\\l...')
#2 C:\wamp64\www\lab2\021_nicolas_olagnon_v6.2\system\View\View.php(213): CodeIgniter\View\View->CodeIgniter\View\{closure}()
#3 C:\wamp64\www\lab2\021_nicolas_olagnon_v6.2\system\Common.php(1089): CodeIgniter\View\View->render('home/portfolio_...', Array, true)
#4 C:\wamp64\www\lab2\021_nicolas_olagnon_v6.2\app\Controllers\HomeController.php(165): view('home/portfolio_...', Array)
#5 C:\wamp64\www\lab2\021_nicolas_olagnon_v6.2\system\CodeIgniter.php(832): App\Controllers\HomeController->portfolioItem('1')
#6 C:\wamp64\www\lab2\021_nicolas_olagnon_v6.2\system\CodeIgniter.php(419): CodeIgniter\CodeIgniter->runController(Object(App\Controllers\HomeController))
#7 C:\wamp64\www\lab2\021_nicolas_olagnon_v6.2\system\CodeIgniter.php(326): CodeIgniter\CodeIgniter->handleRequest(NULL, Object(Config\Cache), false)
#8 C:\wamp64\www\lab2\021_nicolas_olagnon_v6.2\public\index.php(37): CodeIgniter\CodeIgniter->run()
#9 {main}
CRITICAL - 2022-03-15 18:43:49 --> Call to undefined method App\Models\ImagesModel::getImagesInitialArticle
#0 C:\wamp64\www\lab2\021_nicolas_olagnon_v6.2\app\Controllers\HomeController.php(197): CodeIgniter\Model->__call('getImagesInitia...', Array)
#1 C:\wamp64\www\lab2\021_nicolas_olagnon_v6.2\system\CodeIgniter.php(832): App\Controllers\HomeController->blogArticle('1')
#2 C:\wamp64\www\lab2\021_nicolas_olagnon_v6.2\system\CodeIgniter.php(419): CodeIgniter\CodeIgniter->runController(Object(App\Controllers\HomeController))
#3 C:\wamp64\www\lab2\021_nicolas_olagnon_v6.2\system\CodeIgniter.php(326): CodeIgniter\CodeIgniter->handleRequest(NULL, Object(Config\Cache), false)
#4 C:\wamp64\www\lab2\021_nicolas_olagnon_v6.2\public\index.php(37): CodeIgniter\CodeIgniter->run()
#5 {main}
CRITICAL - 2022-03-15 18:44:10 --> Undefined variable $imageInitialArticle
#0 C:\wamp64\www\lab2\021_nicolas_olagnon_v6.2\app\Views\home\blog_id.php(30): CodeIgniter\Debug\Exceptions->errorHandler(2, 'Undefined varia...', 'C:\\wamp64\\www\\l...', 30)
#1 C:\wamp64\www\lab2\021_nicolas_olagnon_v6.2\system\View\View.php(210): include('C:\\wamp64\\www\\l...')
#2 C:\wamp64\www\lab2\021_nicolas_olagnon_v6.2\system\View\View.php(213): CodeIgniter\View\View->CodeIgniter\View\{closure}()
#3 C:\wamp64\www\lab2\021_nicolas_olagnon_v6.2\system\Common.php(1089): CodeIgniter\View\View->render('home/blog_id', Array, true)
#4 C:\wamp64\www\lab2\021_nicolas_olagnon_v6.2\app\Controllers\HomeController.php(216): view('home/blog_id', Array)
#5 C:\wamp64\www\lab2\021_nicolas_olagnon_v6.2\system\CodeIgniter.php(832): App\Controllers\HomeController->blogArticle('1')
#6 C:\wamp64\www\lab2\021_nicolas_olagnon_v6.2\system\CodeIgniter.php(419): CodeIgniter\CodeIgniter->runController(Object(App\Controllers\HomeController))
#7 C:\wamp64\www\lab2\021_nicolas_olagnon_v6.2\system\CodeIgniter.php(326): CodeIgniter\CodeIgniter->handleRequest(NULL, Object(Config\Cache), false)
#8 C:\wamp64\www\lab2\021_nicolas_olagnon_v6.2\public\index.php(37): CodeIgniter\CodeIgniter->run()
#9 {main}
CRITICAL - 2022-03-15 18:45:07 --> Undefined array key "name"
#0 C:\wamp64\www\lab2\021_nicolas_olagnon_v6.2\app\Views\home\blog_id.php(31): CodeIgniter\Debug\Exceptions->errorHandler(2, 'Undefined array...', 'C:\\wamp64\\www\\l...', 31)
#1 C:\wamp64\www\lab2\021_nicolas_olagnon_v6.2\system\View\View.php(210): include('C:\\wamp64\\www\\l...')
#2 C:\wamp64\www\lab2\021_nicolas_olagnon_v6.2\system\View\View.php(213): CodeIgniter\View\View->CodeIgniter\View\{closure}()
#3 C:\wamp64\www\lab2\021_nicolas_olagnon_v6.2\system\Common.php(1089): CodeIgniter\View\View->render('home/blog_id', Array, true)
#4 C:\wamp64\www\lab2\021_nicolas_olagnon_v6.2\app\Controllers\HomeController.php(216): view('home/blog_id', Array)
#5 C:\wamp64\www\lab2\021_nicolas_olagnon_v6.2\system\CodeIgniter.php(832): App\Controllers\HomeController->blogArticle('1')
#6 C:\wamp64\www\lab2\021_nicolas_olagnon_v6.2\system\CodeIgniter.php(419): CodeIgniter\CodeIgniter->runController(Object(App\Controllers\HomeController))
#7 C:\wamp64\www\lab2\021_nicolas_olagnon_v6.2\system\CodeIgniter.php(326): CodeIgniter\CodeIgniter->handleRequest(NULL, Object(Config\Cache), false)
#8 C:\wamp64\www\lab2\021_nicolas_olagnon_v6.2\public\index.php(37): CodeIgniter\CodeIgniter->run()
#9 {main}
CRITICAL - 2022-03-15 18:45:52 --> Call to undefined method App\Models\ImagesModel::getImagesInitialPortfolioItems
#0 C:\wamp64\www\lab2\021_nicolas_olagnon_v6.2\app\Controllers\HomeController.php(40): CodeIgniter\Model->__call('getImagesInitia...', Array)
#1 C:\wamp64\www\lab2\021_nicolas_olagnon_v6.2\system\CodeIgniter.php(832): App\Controllers\HomeController->home()
#2 C:\wamp64\www\lab2\021_nicolas_olagnon_v6.2\system\CodeIgniter.php(419): CodeIgniter\CodeIgniter->runController(Object(App\Controllers\HomeController))
#3 C:\wamp64\www\lab2\021_nicolas_olagnon_v6.2\system\CodeIgniter.php(326): CodeIgniter\CodeIgniter->handleRequest(NULL, Object(Config\Cache), false)
#4 C:\wamp64\www\lab2\021_nicolas_olagnon_v6.2\public\index.php(37): CodeIgniter\CodeIgniter->run()
#5 {main}
ERROR - 2022-03-15 18:51:19 --> Cannot add or update a child row: a foreign key constraint fails (`lab2_021_nicolas_olagnon_v6.2`.`articles`, CONSTRAINT `articles_categories_FK` FOREIGN KEY (`categories_articles_id`) REFERENCES `categories_articles` (`id_categorie_article`) ON DELETE SET N)
CRITICAL - 2022-03-15 18:51:19 --> Cannot add or update a child row: a foreign key constraint fails (`lab2_021_nicolas_olagnon_v6.2`.`articles`, CONSTRAINT `articles_categories_FK` FOREIGN KEY (`categories_articles_id`) REFERENCES `categories_articles` (`id_categorie_article`) ON DELETE SET N)
#0 C:\wamp64\www\lab2\021_nicolas_olagnon_v6.2\system\Database\MySQLi\Connection.php(292): mysqli->query('UPDATE `article...', 0)
#1 C:\wamp64\www\lab2\021_nicolas_olagnon_v6.2\system\Database\BaseConnection.php(670): CodeIgniter\Database\MySQLi\Connection->execute('UPDATE `article...')
#2 C:\wamp64\www\lab2\021_nicolas_olagnon_v6.2\system\Database\BaseConnection.php(598): CodeIgniter\Database\BaseConnection->simpleQuery('UPDATE `article...')
#3 C:\wamp64\www\lab2\021_nicolas_olagnon_v6.2\system\Database\BaseBuilder.php(1913): CodeIgniter\Database\BaseConnection->query('UPDATE `article...', Array, false)
#4 C:\wamp64\www\lab2\021_nicolas_olagnon_v6.2\app\Models\ArticlesModel.php(73): CodeIgniter\Database\BaseBuilder->update(Array)
#5 C:\wamp64\www\lab2\021_nicolas_olagnon_v6.2\app\Controllers\Admin\AdminBlogController.php(132): App\Models\ArticlesModel->updateArticle('1', Array)
#6 C:\wamp64\www\lab2\021_nicolas_olagnon_v6.2\system\CodeIgniter.php(832): App\Controllers\Admin\AdminBlogController->edit('1')
#7 C:\wamp64\www\lab2\021_nicolas_olagnon_v6.2\system\CodeIgniter.php(419): CodeIgniter\CodeIgniter->runController(Object(App\Controllers\Admin\AdminBlogController))
#8 C:\wamp64\www\lab2\021_nicolas_olagnon_v6.2\system\CodeIgniter.php(326): CodeIgniter\CodeIgniter->handleRequest(NULL, Object(Config\Cache), false)
#9 C:\wamp64\www\lab2\021_nicolas_olagnon_v6.2\public\index.php(37): CodeIgniter\CodeIgniter->run()
#10 {main}
CRITICAL - 2022-03-15 20:50:45 --> Undefined variable $imagesItemTried
#0 C:\wamp64\www\lab2\021_nicolas_olagnon_v6.2\app\Controllers\HomeController.php(190): CodeIgniter\Debug\Exceptions->errorHandler(2, 'Undefined varia...', 'C:\\wamp64\\www\\l...', 190)
#1 C:\wamp64\www\lab2\021_nicolas_olagnon_v6.2\system\CodeIgniter.php(832): App\Controllers\HomeController->portfolioItem('2')
#2 C:\wamp64\www\lab2\021_nicolas_olagnon_v6.2\system\CodeIgniter.php(419): CodeIgniter\CodeIgniter->runController(Object(App\Controllers\HomeController))
#3 C:\wamp64\www\lab2\021_nicolas_olagnon_v6.2\system\CodeIgniter.php(326): CodeIgniter\CodeIgniter->handleRequest(NULL, Object(Config\Cache), false)
#4 C:\wamp64\www\lab2\021_nicolas_olagnon_v6.2\public\index.php(37): CodeIgniter\CodeIgniter->run()
#5 {main}
CRITICAL - 2022-03-15 20:54:54 --> Undefined variable $imagesItemTried
#0 C:\wamp64\www\lab2\021_nicolas_olagnon_v6.2\app\Controllers\HomeController.php(190): CodeIgniter\Debug\Exceptions->errorHandler(2, 'Undefined varia...', 'C:\\wamp64\\www\\l...', 190)
#1 C:\wamp64\www\lab2\021_nicolas_olagnon_v6.2\system\CodeIgniter.php(832): App\Controllers\HomeController->portfolioItem('2')
#2 C:\wamp64\www\lab2\021_nicolas_olagnon_v6.2\system\CodeIgniter.php(419): CodeIgniter\CodeIgniter->runController(Object(App\Controllers\HomeController))
#3 C:\wamp64\www\lab2\021_nicolas_olagnon_v6.2\system\CodeIgniter.php(326): CodeIgniter\CodeIgniter->handleRequest(NULL, Object(Config\Cache), false)
#4 C:\wamp64\www\lab2\021_nicolas_olagnon_v6.2\public\index.php(37): CodeIgniter\CodeIgniter->run()
#5 {main}
CRITICAL - 2022-03-15 20:55:08 --> count(): Argument #1 ($value) must be of type Countable|array, null given
#0 C:\wamp64\www\lab2\021_nicolas_olagnon_v6.2\system\View\View.php(210): include()
#1 C:\wamp64\www\lab2\021_nicolas_olagnon_v6.2\system\View\View.php(213): CodeIgniter\View\View->CodeIgniter\View\{closure}()
#2 C:\wamp64\www\lab2\021_nicolas_olagnon_v6.2\system\Common.php(1089): CodeIgniter\View\View->render('home/portfolio_...', Array, true)
#3 C:\wamp64\www\lab2\021_nicolas_olagnon_v6.2\app\Controllers\HomeController.php(198): view('home/portfolio_...', Array)
#4 C:\wamp64\www\lab2\021_nicolas_olagnon_v6.2\system\CodeIgniter.php(832): App\Controllers\HomeController->portfolioItem('2')
#5 C:\wamp64\www\lab2\021_nicolas_olagnon_v6.2\system\CodeIgniter.php(419): CodeIgniter\CodeIgniter->runController(Object(App\Controllers\HomeController))
#6 C:\wamp64\www\lab2\021_nicolas_olagnon_v6.2\system\CodeIgniter.php(326): CodeIgniter\CodeIgniter->handleRequest(NULL, Object(Config\Cache), false)
#7 C:\wamp64\www\lab2\021_nicolas_olagnon_v6.2\public\index.php(37): CodeIgniter\CodeIgniter->run()
#8 {main}
CRITICAL - 2022-03-15 20:56:03 --> count(): Argument #1 ($value) must be of type Countable|array, string given
#0 C:\wamp64\www\lab2\021_nicolas_olagnon_v6.2\system\View\View.php(210): include()
#1 C:\wamp64\www\lab2\021_nicolas_olagnon_v6.2\system\View\View.php(213): CodeIgniter\View\View->CodeIgniter\View\{closure}()
#2 C:\wamp64\www\lab2\021_nicolas_olagnon_v6.2\system\Common.php(1089): CodeIgniter\View\View->render('home/portfolio_...', Array, true)
#3 C:\wamp64\www\lab2\021_nicolas_olagnon_v6.2\app\Controllers\HomeController.php(198): view('home/portfolio_...', Array)
#4 C:\wamp64\www\lab2\021_nicolas_olagnon_v6.2\system\CodeIgniter.php(832): App\Controllers\HomeController->portfolioItem('1')
#5 C:\wamp64\www\lab2\021_nicolas_olagnon_v6.2\system\CodeIgniter.php(419): CodeIgniter\CodeIgniter->runController(Object(App\Controllers\HomeController))
#6 C:\wamp64\www\lab2\021_nicolas_olagnon_v6.2\system\CodeIgniter.php(326): CodeIgniter\CodeIgniter->handleRequest(NULL, Object(Config\Cache), false)
#7 C:\wamp64\www\lab2\021_nicolas_olagnon_v6.2\public\index.php(37): CodeIgniter\CodeIgniter->run()
#8 {main}
CRITICAL - 2022-03-15 21:51:21 --> count(): Argument #1 ($value) must be of type Countable|array, null given
#0 C:\wamp64\www\lab2\021_nicolas_olagnon_v6.2\system\View\View.php(210): include()
#1 C:\wamp64\www\lab2\021_nicolas_olagnon_v6.2\system\View\View.php(213): CodeIgniter\View\View->CodeIgniter\View\{closure}()
#2 C:\wamp64\www\lab2\021_nicolas_olagnon_v6.2\system\View\View.php(424): CodeIgniter\View\View->render('includes/includ...', NULL, true)
#3 C:\wamp64\www\lab2\021_nicolas_olagnon_v6.2\app\Views\home\home.php(15): CodeIgniter\View\View->include('includes/includ...')
#4 C:\wamp64\www\lab2\021_nicolas_olagnon_v6.2\system\View\View.php(210): include('C:\\wamp64\\www\\l...')
#5 C:\wamp64\www\lab2\021_nicolas_olagnon_v6.2\system\View\View.php(213): CodeIgniter\View\View->CodeIgniter\View\{closure}()
#6 C:\wamp64\www\lab2\021_nicolas_olagnon_v6.2\system\Common.php(1089): CodeIgniter\View\View->render('home/home', Array, true)
#7 C:\wamp64\www\lab2\021_nicolas_olagnon_v6.2\app\Controllers\HomeController.php(75): view('home/home', Array)
#8 C:\wamp64\www\lab2\021_nicolas_olagnon_v6.2\system\CodeIgniter.php(832): App\Controllers\HomeController->home()
#9 C:\wamp64\www\lab2\021_nicolas_olagnon_v6.2\system\CodeIgniter.php(419): CodeIgniter\CodeIgniter->runController(Object(App\Controllers\HomeController))
#10 C:\wamp64\www\lab2\021_nicolas_olagnon_v6.2\system\CodeIgniter.php(326): CodeIgniter\CodeIgniter->handleRequest(NULL, Object(Config\Cache), false)
#11 C:\wamp64\www\lab2\021_nicolas_olagnon_v6.2\public\index.php(37): CodeIgniter\CodeIgniter->run()
#12 {main}
CRITICAL - 2022-03-15 21:51:58 --> Undefined variable $imagesJson
#0 C:\wamp64\www\lab2\021_nicolas_olagnon_v6.2\app\Views\includes\include_home_section_3.php(37): CodeIgniter\Debug\Exceptions->errorHandler(2, 'Undefined varia...', 'C:\\wamp64\\www\\l...', 37)
#1 C:\wamp64\www\lab2\021_nicolas_olagnon_v6.2\system\View\View.php(210): include('C:\\wamp64\\www\\l...')
#2 C:\wamp64\www\lab2\021_nicolas_olagnon_v6.2\system\View\View.php(213): CodeIgniter\View\View->CodeIgniter\View\{closure}()
#3 C:\wamp64\www\lab2\021_nicolas_olagnon_v6.2\system\View\View.php(424): CodeIgniter\View\View->render('includes/includ...', NULL, true)
#4 C:\wamp64\www\lab2\021_nicolas_olagnon_v6.2\app\Views\home\home.php(15): CodeIgniter\View\View->include('includes/includ...')
#5 C:\wamp64\www\lab2\021_nicolas_olagnon_v6.2\system\View\View.php(210): include('C:\\wamp64\\www\\l...')
#6 C:\wamp64\www\lab2\021_nicolas_olagnon_v6.2\system\View\View.php(213): CodeIgniter\View\View->CodeIgniter\View\{closure}()
#7 C:\wamp64\www\lab2\021_nicolas_olagnon_v6.2\system\Common.php(1089): CodeIgniter\View\View->render('home/home', Array, true)
#8 C:\wamp64\www\lab2\021_nicolas_olagnon_v6.2\app\Controllers\HomeController.php(75): view('home/home', Array)
#9 C:\wamp64\www\lab2\021_nicolas_olagnon_v6.2\system\CodeIgniter.php(832): App\Controllers\HomeController->home()
#10 C:\wamp64\www\lab2\021_nicolas_olagnon_v6.2\system\CodeIgniter.php(419): CodeIgniter\CodeIgniter->runController(Object(App\Controllers\HomeController))
#11 C:\wamp64\www\lab2\021_nicolas_olagnon_v6.2\system\CodeIgniter.php(326): CodeIgniter\CodeIgniter->handleRequest(NULL, Object(Config\Cache), false)
#12 C:\wamp64\www\lab2\021_nicolas_olagnon_v6.2\public\index.php(37): CodeIgniter\CodeIgniter->run()
#13 {main}
